#
# A fatal error has been detected by the Java Runtime Environment:
#
#  EXCEPTION_ACCESS_VIOLATION (0xc0000005) at pc=0x00007ff915a9ed95, pid=13616, tid=23572
#
# JRE version: Java(TM) SE Runtime Environment (9.0+11) (build 9.0.4+11)
# Java VM: Java HotSpot(TM) 64-Bit Server VM (9.0.4+11, mixed mode, tiered, compressed oops, g1 gc, windows-amd64)
# Problematic frame:
# C  [librdi_common.dll+0x17ed95]
#
# No core dump will be written. Minidumps are not enabled by default on client versions of Windows
#
# If you would like to submit a bug report, please visit:
#   http://bugreport.java.com/bugreport/crash.jsp
# The crash happened outside the Java Virtual Machine in native code.
# See problematic frame for where to report the bug.
#

---------------  S U M M A R Y ------------

Command Line: -Dsun.java2d.pmoffscreen=false -Dsun.java2d.xrender=false -Dsun.java2d.d3d=false -Dsun.awt.nopixfmt=true -Dsun.java2d.dpiaware=true -Dsun.java2d.uiScale.enabled=false -Xverify:none -Dswing.aatext=true -XX:-UsePerfData -Djdk.map.althashing.threshold=512 -XX:StringTableSize=4072 --add-opens=java.base/java.nio=ALL-UNNAMED --add-opens=java.desktop/sun.swing=ALL-UNNAMED --add-opens=java.desktop/javax.swing=ALL-UNNAMED --add-opens=java.desktop/javax.swing.tree=ALL-UNNAMED --add-opens=java.desktop/javax.swing.plaf.basic=ALL-UNNAMED --add-opens=java.desktop/javax.swing.plaf.synth=ALL-UNNAMED --add-opens=java.desktop/com.sun.awt=ALL-UNNAMED -XX:NewSize=60m -XX:MaxNewSize=60m -Xms128m -Xmx3072m -Xss5m 

Host: Intel(R) Core(TM) i7-8565U CPU @ 1.80GHz, 8 cores, 7G,  Windows 10 , 64 bit Build 18362 (10.0.18362.1110)
Time: Thu Jan 07 20:49:44 2021 ?D1¨²¡À¨º¡Á?¨º¡À?? elapsed time: 4004 seconds (0d 1h 6m 44s)

---------------  T H R E A D  ---------------

Current thread (0x00000224d237a800):  JavaThread "AWT-EventQueue-0" [_thread_in_native, id=23572, stack(0x000000bc85400000,0x000000bc85900000)]

Stack: [0x000000bc85400000,0x000000bc85900000],  sp=0x000000bc858faf40,  free space=5099k
Native frames: (J=compiled Java code, j=interpreted, Vv=VM code, C=native code)
C  [librdi_common.dll+0x17ed95]
C  [librdi_common.dll+0x173b75]
C  [librdi_common.dll+0x13cd4a]
C  0x00007ff8b92421df
C  0x00007ff8b92c21ef
C  0x00007ff8b92c9f09
C  0x00007ff8b929a6cb
C  0x00007ff8b92d6e97
C  0x00000224c004ca3a

Java frames: (J=compiled Java code, j=interpreted, Vv=VM code)
J 19511  ui.views.waveform.waveformi.WVExecutive_getTooltipTextDelayed(J)Ljava/lang/String; (0 bytes) @ 0x00000224c004c9a1 [0x00000224c004c960+0x0000000000000041]
J 19507 c1 ui.views.waveform.b.a.bJ(Ljava/awt/event/MouseEvent;)V (135 bytes) @ 0x00000224b8db1924 [0x00000224b8db1280+0x00000000000006a4]
J 25211 c1 ui.views.waveform.b.a.mouseMoved(Ljava/awt/event/MouseEvent;)V (32 bytes) @ 0x00000224b913064c [0x00000224b9130120+0x000000000000052c]
J 18343 c2 java.awt.AWTEventMulticaster.mouseMoved(Ljava/awt/event/MouseEvent;)V java.desktop@9.0.4 (27 bytes) @ 0x00000224c0760774 [0x00000224c07606c0+0x00000000000000b4]
J 18343 c2 java.awt.AWTEventMulticaster.mouseMoved(Ljava/awt/event/MouseEvent;)V java.desktop@9.0.4 (27 bytes) @ 0x00000224c0760734 [0x00000224c07606c0+0x0000000000000074]
J 24547 c2 ui.frmwork.c.i.processMouseMotionEvent(Ljava/awt/event/MouseEvent;)V (131 bytes) @ 0x00000224bfbba3c4 [0x00000224bfbba000+0x00000000000003c4]
J 13130 c2 java.awt.Container.processEvent(Ljava/awt/AWTEvent;)V java.desktop@9.0.4 (22 bytes) @ 0x00000224bf806a18 [0x00000224bf8068a0+0x0000000000000178]
J 23600 c2 java.awt.Component.dispatchEventImpl(Ljava/awt/AWTEvent;)V java.desktop@9.0.4 (739 bytes) @ 0x00000224c0dcf420 [0x00000224c0dceac0+0x0000000000000960]
J 21482 c2 java.awt.Container.dispatchEventImpl(Ljava/awt/AWTEvent;)V java.desktop@9.0.4 (129 bytes) @ 0x00000224c0bb6624 [0x00000224c0bb6560+0x00000000000000c4]
J 19431 c2 java.awt.LightweightDispatcher.retargetMouseEvent(Ljava/awt/Component;ILjava/awt/event/MouseEvent;)V java.desktop@9.0.4 (350 bytes) @ 0x00000224bfd06b2c [0x00000224bfd065a0+0x000000000000058c]
J 19010 c2 java.awt.LightweightDispatcher.processMouseEvent(Ljava/awt/event/MouseEvent;)Z java.desktop@9.0.4 (265 bytes) @ 0x00000224c087e160 [0x00000224c087d9a0+0x00000000000007c0]
J 21482 c2 java.awt.Container.dispatchEventImpl(Ljava/awt/AWTEvent;)V java.desktop@9.0.4 (129 bytes) @ 0x00000224c0bb686c [0x00000224c0bb6560+0x000000000000030c]
J 18942 c2 java.awt.Window.dispatchEventImpl(Ljava/awt/AWTEvent;)V java.desktop@9.0.4 (23 bytes) @ 0x00000224c0869f8c [0x00000224c0869f40+0x000000000000004c]
J 13948 c2 java.awt.EventQueue$3.run()Ljava/lang/Object; java.desktop@9.0.4 (5 bytes) @ 0x00000224bfe01e6c [0x00000224bfe01880+0x00000000000005ec]
v  ~StubRoutines::call_stub
J 3989  java.security.AccessController.doPrivileged(Ljava/security/PrivilegedAction;Ljava/security/AccessControlContext;)Ljava/lang/Object; java.base@9.0.4 (0 bytes) @ 0x00000224bf9363c6 [0x00000224bf936360+0x0000000000000066]
J 18243 c2 java.awt.EventQueue$4.run()Ljava/lang/Object; java.desktop@9.0.4 (5 bytes) @ 0x00000224c0745b34 [0x00000224c07458e0+0x0000000000000254]
v  ~StubRoutines::call_stub
J 3989  java.security.AccessController.doPrivileged(Ljava/security/PrivilegedAction;Ljava/security/AccessControlContext;)Ljava/lang/Object; java.base@9.0.4 (0 bytes) @ 0x00000224bf9363c6 [0x00000224bf936360+0x0000000000000066]
J 17537 c2 ui.frmwork.b.d.dispatchEvent(Ljava/awt/AWTEvent;)V (34 bytes) @ 0x00000224c0669cd8 [0x00000224c0669880+0x0000000000000458]
J 23433 c2 java.awt.EventDispatchThread.pumpOneEventForFilters(I)V java.desktop@9.0.4 (218 bytes) @ 0x00000224c056d244 [0x00000224c056cf80+0x00000000000002c4]
J 22639% c2 java.awt.EventDispatchThread.pumpEventsForFilter(ILjava/awt/Conditional;Ljava/awt/EventFilter;)V java.desktop@9.0.4 (47 bytes) @ 0x00000224c0c85658 [0x00000224c0c85540+0x0000000000000118]
j  java.awt.EventDispatchThread.pumpEventsForHierarchy(ILjava/awt/Conditional;Ljava/awt/Component;)V+11 java.desktop@9.0.4
j  java.awt.EventDispatchThread.pumpEvents(ILjava/awt/Conditional;)V+4 java.desktop@9.0.4
j  java.awt.EventDispatchThread.pumpEvents(Ljava/awt/Conditional;)V+3 java.desktop@9.0.4
j  java.awt.EventDispatchThread.run()V+9 java.desktop@9.0.4
v  ~StubRoutines::call_stub

siginfo: EXCEPTION_ACCESS_VIOLATION (0xc0000005), reading address 0xffffffffffffffff


Register to memory mapping:

RIP=0x00007ff915a9ed95 librdi_common.dll
RAX=0x00000224a3411a01 is an unknown value
RBX=0x90078724f65ebcd7 is an unknown value
RCX=0x00000224a3411ad0 is an unknown value
RDX=0x90078724f65ebcd7 is an unknown value
RSP=0x000000bc858faf40 is pointing into the stack for thread: 0x00000224d237a800
RBP=0x000000bc858fb070 is pointing into the stack for thread: 0x00000224d237a800
RSI=0x00000224e2cf30e0 is an unknown value
RDI=0x000000bc858fb158 is pointing into the stack for thread: 0x00000224d237a800
R8 =0x000000bc858fb158 is pointing into the stack for thread: 0x00000224d237a800
R9 =0x0000000000000000 is an unknown value
R10=0x00000224e1e0bcb8 is an unknown value
R11=0x00000224d281a4c8 is an unknown value
R12=0x000000bc858fb158 is pointing into the stack for thread: 0x00000224d237a800
R13=0x0000000000000000 is an unknown value
R14=0x00000224a1987c70 is an unknown value
R15=0x90078724f65ebcd7 is an unknown value


Registers:
RAX=0x00000224a3411a01, RBX=0x90078724f65ebcd7, RCX=0x00000224a3411ad0, RDX=0x90078724f65ebcd7
RSP=0x000000bc858faf40, RBP=0x000000bc858fb070, RSI=0x00000224e2cf30e0, RDI=0x000000bc858fb158
R8 =0x000000bc858fb158, R9 =0x0000000000000000, R10=0x00000224e1e0bcb8, R11=0x00000224d281a4c8
R12=0x000000bc858fb158, R13=0x0000000000000000, R14=0x00000224a1987c70, R15=0x90078724f65ebcd7
RIP=0x00007ff915a9ed95, EFLAGS=0x0000000000010202

Top of Stack: (sp=0x000000bc858faf40)
0x000000bc858faf40:   000000bc858fb2f0 00007ff97a812f17
0x000000bc858faf50:   000000bc00000000 90078724f65ebcd7
0x000000bc858faf60:   90078724f65ebcd7 00007ff915a93b75
0x000000bc858faf70:   00000000025317c0 00007ff97a8131af
0x000000bc858faf80:   00006e1f5e562834 0000000000000000
0x000000bc858faf90:   00000224d61b5240 00000224d281a4a0
0x000000bc858fafa0:   0000000000000002 00007ff915afc825
0x000000bc858fafb0:   00000224d40f4c90 00000224d281a4a8
0x000000bc858fafc0:   00000224d281a4e8 00000224d281a4a0
0x000000bc858fafd0:   fffffffffffffffe 00007ff9160b8aad
0x000000bc858fafe0:   fffffffffffffffe 00007ff9167adbc0
0x000000bc858faff0:   00000224d281a4a0 00000224a19c7e88
0x000000bc858fb000:   000000bc858fb158 00007ff915afbb16
0x000000bc858fb010:   00000224d281a4a0 000000bc858fb158
0x000000bc858fb020:   0000022400000002 0000000000000000
0x000000bc858fb030:   fffffffffffffffe 000000000000000f 

Instructions: (pc=0x00007ff915a9ed95)
0x00007ff915a9ed75:   20 48 8b d9 e8 22 c4 04 00 48 8b c8 48 8b d3 e8
0x00007ff915a9ed85:   27 0d 05 00 84 c0 75 08 33 c0 48 83 c4 20 5b c3
0x00007ff915a9ed95:   48 8b 4b 50 48 85 c9 74 0a 48 83 c4 20 5b e9 68
0x00007ff915a9eda5:   e2 04 00 48 8b d3 48 8d 0d 66 ce 78 00 e8 59 b7 



---------------  P R O C E S S  ---------------

Java Threads: ( => current thread )
  0x00000224e23ff000 JavaThread "Relaunch Simulation Thread" [_thread_blocked, id=9088, stack(0x000000bc8a400000,0x000000bc8a900000)]
  0x00000224e23ff800 JavaThread "Image Fetcher 0" daemon [_thread_blocked, id=8144, stack(0x000000bc8a900000,0x000000bc8ae00000)]
  0x00000224e23fc000 JavaThread "Thread-4577" [_thread_in_native, id=3532, stack(0x000000bc88b00000,0x000000bc88c00000)]
  0x00000224d3092800 JavaThread "Thread-4576" [_thread_in_native, id=15388, stack(0x000000bc88e00000,0x000000bc88f00000)]
  0x00000224d3098000 JavaThread "Thread-4562" [_thread_in_native, id=23252, stack(0x000000bc88f00000,0x000000bc89000000)]
  0x00000224d3094000 JavaThread "Thread-4561" [_thread_in_native, id=21496, stack(0x000000bc84100000,0x000000bc84200000)]
  0x00000224d3098800 JavaThread "Thread-3469" [_thread_in_native, id=18660, stack(0x000000bc89200000,0x000000bc89300000)]
  0x00000224d3093800 JavaThread "Thread-1289" [_thread_in_native, id=23560, stack(0x000000bc88f00000,0x000000bc89000000)]
  0x00000224d308c000 JavaThread "Thread-1283" [_thread_in_native, id=21728, stack(0x000000bc84400000,0x000000bc84500000)]
  0x00000224d308f000 JavaThread "Thread-1184" [_thread_in_native, id=4476, stack(0x000000bc84100000,0x000000bc84200000)]
  0x00000224d3095800 JavaThread "Thread-1183" [_thread_in_native, id=12772, stack(0x000000bc87900000,0x000000bc87a00000)]
  0x00000224d3099800 JavaThread "Thread-623" [_thread_in_native, id=14348, stack(0x000000bc8b900000,0x000000bc8ba00000)]
  0x00000224d3097000 JavaThread "Thread-622" [_thread_in_native, id=5512, stack(0x000000bc84100000,0x000000bc84200000)]
  0x00000224d3096800 JavaThread "Swing-Shell" daemon [_thread_blocked, id=9916, stack(0x000000bc8c700000,0x000000bc8cc00000)]
  0x00000224d308a000 JavaThread "Image Animator 3" daemon [_thread_blocked, id=14000, stack(0x000000bc89f00000,0x000000bc8a400000)]
  0x00000224d308b000 JavaThread "SyntheticaAnimation 50" daemon [_thread_blocked, id=23992, stack(0x000000bc89400000,0x000000bc89900000)]
  0x00000224d3091000 JavaThread "Update Runs Swing Worker Thread" [_thread_blocked, id=12884, stack(0x000000bc89a00000,0x000000bc89f00000)]
  0x00000224d308f800 JavaThread "hw_ila_monitor" [_thread_blocked, id=19656, stack(0x000000bc88600000,0x000000bc88b00000)]
  0x00000224d308e000 JavaThread "Refresh Filesets Swing Worker Thread" [_thread_blocked, id=21488, stack(0x000000bc88100000,0x000000bc88600000)]
  0x00000224d308c800 JavaThread "SyntheticaAnimation 70" daemon [_thread_blocked, id=17548, stack(0x000000bc87c00000,0x000000bc88100000)]
  0x00000224d3034800 JavaThread "SyntheticaAnimation 25" daemon [_thread_blocked, id=8, stack(0x000000bc87200000,0x000000bc87700000)]
  0x00000224d3036000 JavaThread "SyntheticaAnimation 50" daemon [_thread_blocked, id=21684, stack(0x000000bc86d00000,0x000000bc87200000)]
  0x00000224d3035800 JavaThread "Monitor HEventQueue Thread" [_thread_blocked, id=4864, stack(0x000000bc86300000,0x000000bc86800000)]
  0x00000224d3037800 JavaThread "SyntheticaCleanerThread" daemon [_thread_blocked, id=12900, stack(0x000000bc86800000,0x000000bc86d00000)]
  0x00000224d3037000 JavaThread "Batik CleanerThread" daemon [_thread_blocked, id=23436, stack(0x000000bc85900000,0x000000bc85e00000)]
  0x00000224afbd9000 JavaThread "Process Messages Thread" [_thread_blocked, id=23756, stack(0x000000bc85e00000,0x000000bc86300000)]
  0x00000224d3071800 JavaThread "Thread-1" [_thread_in_native, id=21796, stack(0x000000bcfe700000,0x000000bcffb00000)]
=>0x00000224d237a800 JavaThread "AWT-EventQueue-0" [_thread_in_native, id=23572, stack(0x000000bc85400000,0x000000bc85900000)]
  0x00000224af9ad000 JavaThread "AWT-Shutdown" [_thread_blocked, id=21332, stack(0x000000bc84f00000,0x000000bc85400000)]
  0x00000224d259f000 JavaThread "TimerQueue" daemon [_thread_blocked, id=17696, stack(0x000000bc84a00000,0x000000bc84f00000)]
  0x00000224af1e2000 JavaThread "AWT-Windows" daemon [_thread_in_native, id=19512, stack(0x000000bc84500000,0x000000bc84a00000)]
  0x00000224af675000 JavaThread "Java2D Disposer" daemon [_thread_blocked, id=4880, stack(0x000000bc83b00000,0x000000bc84000000)]
  0x00000224aee77800 JavaThread "Service Thread" daemon [_thread_blocked, id=10360, stack(0x000000bc83500000,0x000000bc83a00000)]
  0x00000224ab476000 JavaThread "Common-Cleaner" daemon [_thread_blocked, id=20132, stack(0x000000bc83000000,0x000000bc83500000)]
  0x00000224ab472000 JavaThread "Sweeper thread" daemon [_thread_blocked, id=3264, stack(0x000000bc82b00000,0x000000bc83000000)]
  0x00000224ab471000 JavaThread "C1 CompilerThread3" daemon [_thread_blocked, id=16884, stack(0x000000bc82a00000,0x000000bc82b00000)]
  0x00000224ab46f800 JavaThread "C2 CompilerThread2" daemon [_thread_blocked, id=23764, stack(0x000000bc82900000,0x000000bc82a00000)]
  0x00000224ab46e000 JavaThread "C2 CompilerThread1" daemon [_thread_blocked, id=20672, stack(0x000000bc82800000,0x000000bc82900000)]
  0x00000224ab46d800 JavaThread "C2 CompilerThread0" daemon [_thread_blocked, id=13792, stack(0x000000bc82700000,0x000000bc82800000)]
  0x00000224ab46c000 JavaThread "Attach Listener" daemon [_thread_blocked, id=18640, stack(0x000000bc82200000,0x000000bc82700000)]
  0x00000224ab467800 JavaThread "Signal Dispatcher" daemon [_thread_blocked, id=696, stack(0x000000bc81d00000,0x000000bc82200000)]
  0x00000224aa76a800 JavaThread "Finalizer" daemon [_thread_blocked, id=23692, stack(0x000000bc81800000,0x000000bc81d00000)]
  0x00000224aab08800 JavaThread "Reference Handler" daemon [_thread_blocked, id=22788, stack(0x000000bc81300000,0x000000bc81800000)]
  0x00000224ab4a1800 JavaThread "main" [_thread_blocked, id=22676, stack(0x000000bcfe600000,0x000000bcfe700000)]

Other Threads:
  0x00000224aab05800 VMThread "VM Thread" [stack: 0x000000bc81200000,0x000000bc81300000] [id=21912]
  0x00000224aee78800 WatcherThread [stack: 0x000000bc83a00000,0x000000bc83b00000] [id=23512]
  0x00000224aad7c800 GCTaskThread "GC Thread#0" [stack: 0x000000bcffe00000,0x000000bcfff00000] [id=17064]
  0x00000224aaf1c000 GCTaskThread "GC Thread#1" [stack: 0x000000bcfff00000,0x000000bd00000000] [id=21780]
  0x00000224aaf19800 GCTaskThread "GC Thread#2" [stack: 0x000000bc80000000,0x000000bc80100000] [id=14644]
  0x00000224aaf1a000 GCTaskThread "GC Thread#3" [stack: 0x000000bc80100000,0x000000bc80200000] [id=24540]
  0x00000224aaf1b800 GCTaskThread "GC Thread#4" [stack: 0x000000bc80200000,0x000000bc80300000] [id=22708]
  0x00000224aaf15000 GCTaskThread "GC Thread#5" [stack: 0x000000bc80300000,0x000000bc80400000] [id=20212]
  0x00000224aaf19000 GCTaskThread "GC Thread#6" [stack: 0x000000bc80400000,0x000000bc80500000] [id=19536]
  0x00000224aaf1a800 GCTaskThread "GC Thread#7" [stack: 0x000000bc80500000,0x000000bc80600000] [id=1568]
  0x00000224ab1e6000 ConcurrentGCThread "G1 Main Marker" [stack: 0x000000bc80f00000,0x000000bc81000000] [id=19764]
  0x00000224aaf15800 ConcurrentGCThread "G1 Marker#0" [stack: 0x000000bc81000000,0x000000bc81100000] [id=16292]
  0x00000224aaf16800 ConcurrentGCThread "G1 Marker#1" [stack: 0x000000bc81100000,0x000000bc81200000] [id=24320]
  0x00000224aa020800 ConcurrentGCThread "G1 Refine#0" [stack: 0x000000bc80d00000,0x000000bc80e00000] [id=14392]
  0x00000224aa022800 ConcurrentGCThread "G1 Refine#1" [stack: 0x000000bc80c00000,0x000000bc80d00000] [id=16112]
  0x00000224aa023000 ConcurrentGCThread "G1 Refine#2" [stack: 0x000000bc80b00000,0x000000bc80c00000] [id=6844]
  0x00000224aa026800 ConcurrentGCThread "G1 Refine#3" [stack: 0x000000bc80a00000,0x000000bc80b00000] [id=23128]
  0x00000224aa020000 ConcurrentGCThread "G1 Refine#4" [stack: 0x000000bc80900000,0x000000bc80a00000] [id=14372]
  0x00000224aa025000 ConcurrentGCThread "G1 Refine#5" [stack: 0x000000bc80800000,0x000000bc80900000] [id=23032]
  0x00000224aa01f800 ConcurrentGCThread "G1 Refine#6" [stack: 0x000000bc80700000,0x000000bc80800000] [id=15264]
  0x00000224acc87000 ConcurrentGCThread "G1 Refine#7" [stack: 0x000000bc80600000,0x000000bc80700000] [id=21532]
  0x00000224aa8d4800 ConcurrentGCThread "G1 Young RemSet Sampling" [stack: 0x000000bc80e00000,0x000000bc80f00000] [id=18336]

Threads with active compile tasks:

VM state:not at safepoint (normal execution)

VM Mutex/Monitor currently owned by a thread: None

Heap address: 0x0000000700000000, size: 3072 MB, Compressed Oops mode: Zero based, Oop shift amount: 3
Narrow klass base: 0x0000000000000000, Narrow klass shift: 3
Compressed class space size: 1073741824 Address: 0x00000007c0000000

Heap:
 garbage-first heap   total 373760K, used 165821K [0x0000000700000000, 0x0000000700100b68, 0x00000007c0000000)
  region size 1024K, 54 young (55296K), 1 survivors (1024K)
 Metaspace       used 86037K, capacity 88005K, committed 96080K, reserved 1132544K
  class space    used 11091K, capacity 11499K, committed 13180K, reserved 1048576K
Heap Regions: E=young(eden), S=young(survivor), O=old, HS=humongous(starts), HC=humongous(continues), CS=collection set, F=free, A=archive, TS=gc time stamp, AC=allocation context, TAMS=top-at-mark-start (previous, next)
|   0|0x0000000700000000, 0x00000007000ffff8, 0x0000000700100000| 99%| O|  |TS  0|AC  0|TAMS 0x0000000700000000, 0x0000000700000000|
|   1|0x0000000700100000, 0x00000007001fc678, 0x0000000700200000| 98%| O|  |TS  0|AC  0|TAMS 0x0000000700100000, 0x0000000700100000|
|   2|0x0000000700200000, 0x00000007002ff8d8, 0x0000000700300000| 99%| O|  |TS  0|AC  0|TAMS 0x0000000700200000, 0x0000000700200000|
|   3|0x0000000700300000, 0x00000007003f95a8, 0x0000000700400000| 97%| O|  |TS  0|AC  0|TAMS 0x0000000700300000, 0x0000000700300000|
|   4|0x0000000700400000, 0x0000000700500000, 0x0000000700500000|100%|HS|  |TS  0|AC  0|TAMS 0x0000000700400000, 0x0000000700400000|
|   5|0x0000000700500000, 0x0000000700600000, 0x0000000700600000|100%|HC|  |TS  0|AC  0|TAMS 0x0000000700500000, 0x0000000700500000|
|   6|0x0000000700600000, 0x0000000700700000, 0x0000000700700000|100%|HS|  |TS  0|AC  0|TAMS 0x0000000700600000, 0x0000000700600000|
|   7|0x0000000700700000, 0x00000007007d1948, 0x0000000700800000| 81%| O|  |TS  0|AC  0|TAMS 0x0000000700700000, 0x0000000700700000|
|   8|0x0000000700800000, 0x00000007008ff718, 0x0000000700900000| 99%| O|  |TS  0|AC  0|TAMS 0x0000000700800000, 0x0000000700800000|
|   9|0x0000000700900000, 0x00000007009fffe8, 0x0000000700a00000| 99%| O|  |TS  0|AC  0|TAMS 0x0000000700900000, 0x0000000700900000|
|  10|0x0000000700a00000, 0x0000000700afffe0, 0x0000000700b00000| 99%| O|  |TS  0|AC  0|TAMS 0x0000000700a00000, 0x0000000700a00000|
|  11|0x0000000700b00000, 0x0000000700bffff8, 0x0000000700c00000| 99%| O|  |TS  0|AC  0|TAMS 0x0000000700b00000, 0x0000000700b00000|
|  12|0x0000000700c00000, 0x0000000700cffff0, 0x0000000700d00000| 99%| O|  |TS  0|AC  0|TAMS 0x0000000700c00000, 0x0000000700c00000|
|  13|0x0000000700d00000, 0x0000000700dff240, 0x0000000700e00000| 99%| O|  |TS  0|AC  0|TAMS 0x0000000700d00000, 0x0000000700d00000|
|  14|0x0000000700e00000, 0x0000000700f00000, 0x0000000700f00000|100%|HS|  |TS  0|AC  0|TAMS 0x0000000700e00000, 0x0000000700e00000|
|  15|0x0000000700f00000, 0x0000000701000000, 0x0000000701000000|100%|HC|  |TS  0|AC  0|TAMS 0x0000000700f00000, 0x0000000700f00000|
|  16|0x0000000701000000, 0x00000007010c97a0, 0x0000000701100000| 78%| O|  |TS  0|AC  0|TAMS 0x0000000701000000, 0x0000000701000000|
|  17|0x0000000701100000, 0x00000007011fe950, 0x0000000701200000| 99%| O|  |TS  0|AC  0|TAMS 0x0000000701100000, 0x0000000701100000|
|  18|0x0000000701200000, 0x00000007012ff6c8, 0x0000000701300000| 99%| O|  |TS  0|AC  0|TAMS 0x0000000701200000, 0x0000000701200000|
|  19|0x0000000701300000, 0x00000007013fffc0, 0x0000000701400000| 99%| O|  |TS  0|AC  0|TAMS 0x0000000701300000, 0x0000000701300000|
|  20|0x0000000701400000, 0x00000007014ffff8, 0x0000000701500000| 99%| O|  |TS  0|AC  0|TAMS 0x0000000701400000, 0x0000000701400000|
|  21|0x0000000701500000, 0x00000007015fffa8, 0x0000000701600000| 99%| O|  |TS  0|AC  0|TAMS 0x0000000701500000, 0x0000000701500000|
|  22|0x0000000701600000, 0x0000000701700000, 0x0000000701700000|100%| O|  |TS  0|AC  0|TAMS 0x0000000701600000, 0x0000000701600000|
|  23|0x0000000701700000, 0x00000007017ffc38, 0x0000000701800000| 99%| O|  |TS  0|AC  0|TAMS 0x0000000701700000, 0x0000000701700000|
|  24|0x0000000701800000, 0x00000007018fffd8, 0x0000000701900000| 99%| O|  |TS  0|AC  0|TAMS 0x0000000701800000, 0x0000000701800000|
|  25|0x0000000701900000, 0x0000000701a00000, 0x0000000701a00000|100%|HS|  |TS  0|AC  0|TAMS 0x0000000701900000, 0x0000000701900000|
|  26|0x0000000701a00000, 0x0000000701b00000, 0x0000000701b00000|100%|HC|  |TS  0|AC  0|TAMS 0x0000000701a00000, 0x0000000701a00000|
|  27|0x0000000701b00000, 0x0000000701bfffd0, 0x0000000701c00000| 99%| O|  |TS  0|AC  0|TAMS 0x0000000701b00000, 0x0000000701b00000|
|  28|0x0000000701c00000, 0x0000000701cfe728, 0x0000000701d00000| 99%| O|  |TS  0|AC  0|TAMS 0x0000000701c00000, 0x0000000701c00000|
|  29|0x0000000701d00000, 0x0000000701dffff0, 0x0000000701e00000| 99%| O|  |TS  0|AC  0|TAMS 0x0000000701d00000, 0x0000000701d00000|
|  30|0x0000000701e00000, 0x0000000701effff8, 0x0000000701f00000| 99%| O|  |TS  0|AC  0|TAMS 0x0000000701e00000, 0x0000000701e00000|
|  31|0x0000000701f00000, 0x0000000701ffffc8, 0x0000000702000000| 99%| O|  |TS  0|AC  0|TAMS 0x0000000701f00000, 0x0000000701f00000|
|  32|0x0000000702000000, 0x0000000702100000, 0x0000000702100000|100%| O|  |TS  0|AC  0|TAMS 0x0000000702000000, 0x0000000702000000|
|  33|0x0000000702100000, 0x00000007021ffc28, 0x0000000702200000| 99%| O|  |TS  0|AC  0|TAMS 0x0000000702100000, 0x0000000702100000|
|  34|0x0000000702200000, 0x00000007022fffe0, 0x0000000702300000| 99%| O|  |TS  0|AC  0|TAMS 0x0000000702200000, 0x0000000702200000|
|  35|0x0000000702300000, 0x00000007023fffe8, 0x0000000702400000| 99%| O|  |TS  0|AC  0|TAMS 0x0000000702300000, 0x0000000702300000|
|  36|0x0000000702400000, 0x00000007024fffe8, 0x0000000702500000| 99%| O|  |TS  0|AC  0|TAMS 0x0000000702400000, 0x0000000702400000|
|  37|0x0000000702500000, 0x00000007025ffff8, 0x0000000702600000| 99%| O|  |TS  0|AC  0|TAMS 0x0000000702500000, 0x0000000702500000|
|  38|0x0000000702600000, 0x00000007026ffff0, 0x0000000702700000| 99%| O|  |TS  0|AC  0|TAMS 0x0000000702600000, 0x0000000702600000|
|  39|0x0000000702700000, 0x0000000702800000, 0x0000000702800000|100%| O|  |TS  0|AC  0|TAMS 0x0000000702700000, 0x0000000702700000|
|  40|0x0000000702800000, 0x00000007028ffff8, 0x0000000702900000| 99%| O|  |TS  0|AC  0|TAMS 0x0000000702800000, 0x0000000702800000|
|  41|0x0000000702900000, 0x0000000702a00000, 0x0000000702a00000|100%|HS|  |TS  0|AC  0|TAMS 0x0000000702900000, 0x0000000702900000|
|  42|0x0000000702a00000, 0x0000000702affff0, 0x0000000702b00000| 99%| O|  |TS  0|AC  0|TAMS 0x0000000702a00000, 0x0000000702a00000|
|  43|0x0000000702b00000, 0x0000000702bffff8, 0x0000000702c00000| 99%| O|  |TS  0|AC  0|TAMS 0x0000000702b00000, 0x0000000702b00000|
|  44|0x0000000702c00000, 0x0000000702d00000, 0x0000000702d00000|100%| O|  |TS  0|AC  0|TAMS 0x0000000702c00000, 0x0000000702c00000|
|  45|0x0000000702d00000, 0x0000000702dd6c70, 0x0000000702e00000| 83%| O|  |TS  0|AC  0|TAMS 0x0000000702d00000, 0x0000000702d00000|
|  46|0x0000000702e00000, 0x0000000702effff0, 0x0000000702f00000| 99%| O|  |TS  0|AC  0|TAMS 0x0000000702e00000, 0x0000000702e00000|
|  47|0x0000000702f00000, 0x0000000702fff4e8, 0x0000000703000000| 99%| O|  |TS  0|AC  0|TAMS 0x0000000702f00000, 0x0000000702f00000|
|  48|0x0000000703000000, 0x0000000703100000, 0x0000000703100000|100%| O|  |TS  0|AC  0|TAMS 0x0000000703000000, 0x0000000703000000|
|  49|0x0000000703100000, 0x00000007031ffb48, 0x0000000703200000| 99%| O|  |TS  0|AC  0|TAMS 0x0000000703100000, 0x0000000703100000|
|  50|0x0000000703200000, 0x00000007032ffff0, 0x0000000703300000| 99%| O|  |TS  0|AC  0|TAMS 0x0000000703200000, 0x0000000703200000|
|  51|0x0000000703300000, 0x00000007033ffff0, 0x0000000703400000| 99%| O|  |TS  0|AC  0|TAMS 0x0000000703300000, 0x0000000703300000|
|  52|0x0000000703400000, 0x00000007034fa460, 0x0000000703500000| 97%| O|  |TS  0|AC  0|TAMS 0x0000000703400000, 0x0000000703400000|
|  53|0x0000000703500000, 0x00000007035fbb80, 0x0000000703600000| 98%| O|  |TS  0|AC  0|TAMS 0x0000000703500000, 0x0000000703500000|
|  54|0x0000000703600000, 0x0000000703700000, 0x0000000703700000|100%|HS|  |TS  0|AC  0|TAMS 0x0000000703600000, 0x0000000703600000|
|  55|0x0000000703700000, 0x0000000703800000, 0x0000000703800000|100%|HC|  |TS  0|AC  0|TAMS 0x0000000703700000, 0x0000000703700000|
|  56|0x0000000703800000, 0x0000000703900000, 0x0000000703900000|100%|HC|  |TS  0|AC  0|TAMS 0x0000000703800000, 0x0000000703800000|
|  57|0x0000000703900000, 0x0000000703a00000, 0x0000000703a00000|100%|HC|  |TS  0|AC  0|TAMS 0x0000000703900000, 0x0000000703900000|
|  58|0x0000000703a00000, 0x0000000703b00000, 0x0000000703b00000|100%|HC|  |TS  0|AC  0|TAMS 0x0000000703a00000, 0x0000000703a00000|
|  59|0x0000000703b00000, 0x0000000703c00000, 0x0000000703c00000|100%|HC|  |TS  0|AC  0|TAMS 0x0000000703b00000, 0x0000000703b00000|
|  60|0x0000000703c00000, 0x0000000703d00000, 0x0000000703d00000|100%|HC|  |TS  0|AC  0|TAMS 0x0000000703c00000, 0x0000000703c00000|
|  61|0x0000000703d00000, 0x0000000703e00000, 0x0000000703e00000|100%|HC|  |TS  0|AC  0|TAMS 0x0000000703d00000, 0x0000000703d00000|
|  62|0x0000000703e00000, 0x0000000703f00000, 0x0000000703f00000|100%|HC|  |TS  0|AC  0|TAMS 0x0000000703e00000, 0x0000000703e00000|
|  63|0x0000000703f00000, 0x0000000704000000, 0x0000000704000000|100%|HC|  |TS  0|AC  0|TAMS 0x0000000703f00000, 0x0000000703f00000|
|  64|0x0000000704000000, 0x0000000704100000, 0x0000000704100000|100%|HC|  |TS  0|AC  0|TAMS 0x0000000704000000, 0x0000000704000000|
|  65|0x0000000704100000, 0x0000000704200000, 0x0000000704200000|100%|HC|  |TS  0|AC  0|TAMS 0x0000000704100000, 0x0000000704100000|
|  66|0x0000000704200000, 0x0000000704300000, 0x0000000704300000|100%|HC|  |TS  0|AC  0|TAMS 0x0000000704200000, 0x0000000704200000|
|  67|0x0000000704300000, 0x0000000704400000, 0x0000000704400000|100%|HC|  |TS  0|AC  0|TAMS 0x0000000704300000, 0x0000000704300000|
|  68|0x0000000704400000, 0x0000000704500000, 0x0000000704500000|100%|HC|  |TS  0|AC  0|TAMS 0x0000000704400000, 0x0000000704400000|
|  69|0x0000000704500000, 0x0000000704600000, 0x0000000704600000|100%|HC|  |TS  0|AC  0|TAMS 0x0000000704500000, 0x0000000704500000|
|  70|0x0000000704600000, 0x0000000704700000, 0x0000000704700000|100%|HC|  |TS  0|AC  0|TAMS 0x0000000704600000, 0x0000000704600000|
|  71|0x0000000704700000, 0x0000000704800000, 0x0000000704800000|100%|HC|  |TS  0|AC  0|TAMS 0x0000000704700000, 0x0000000704700000|
|  72|0x0000000704800000, 0x0000000704900000, 0x0000000704900000|100%|HC|  |TS  0|AC  0|TAMS 0x0000000704800000, 0x0000000704800000|
|  73|0x0000000704900000, 0x0000000704a00000, 0x0000000704a00000|100%|HC|  |TS  0|AC  0|TAMS 0x0000000704900000, 0x0000000704900000|
|  74|0x0000000704a00000, 0x0000000704b00000, 0x0000000704b00000|100%|HC|  |TS  0|AC  0|TAMS 0x0000000704a00000, 0x0000000704a00000|
|  75|0x0000000704b00000, 0x0000000704c00000, 0x0000000704c00000|100%|HC|  |TS  0|AC  0|TAMS 0x0000000704b00000, 0x0000000704b00000|
|  76|0x0000000704c00000, 0x0000000704d00000, 0x0000000704d00000|100%|HC|  |TS  0|AC  0|TAMS 0x0000000704c00000, 0x0000000704c00000|
|  77|0x0000000704d00000, 0x0000000704e00000, 0x0000000704e00000|100%|HC|  |TS  0|AC  0|TAMS 0x0000000704d00000, 0x0000000704d00000|
|  78|0x0000000704e00000, 0x0000000704f00000, 0x0000000704f00000|100%|HC|  |TS  0|AC  0|TAMS 0x0000000704e00000, 0x0000000704e00000|
|  79|0x0000000704f00000, 0x0000000705000000, 0x0000000705000000|100%|HC|  |TS  0|AC  0|TAMS 0x0000000704f00000, 0x0000000704f00000|
|  80|0x0000000705000000, 0x0000000705100000, 0x0000000705100000|100%|HC|  |TS  0|AC  0|TAMS 0x0000000705000000, 0x0000000705000000|
|  81|0x0000000705100000, 0x0000000705200000, 0x0000000705200000|100%|HC|  |TS  0|AC  0|TAMS 0x0000000705100000, 0x0000000705100000|
|  82|0x0000000705200000, 0x0000000705300000, 0x0000000705300000|100%|HC|  |TS  0|AC  0|TAMS 0x0000000705200000, 0x0000000705200000|
|  83|0x0000000705300000, 0x0000000705400000, 0x0000000705400000|100%|HC|  |TS  0|AC  0|TAMS 0x0000000705300000, 0x0000000705300000|
|  84|0x0000000705400000, 0x0000000705500000, 0x0000000705500000|100%|HC|  |TS  0|AC  0|TAMS 0x0000000705400000, 0x0000000705400000|
|  85|0x0000000705500000, 0x0000000705600000, 0x0000000705600000|100%|HC|  |TS  0|AC  0|TAMS 0x0000000705500000, 0x0000000705500000|
|  86|0x0000000705600000, 0x00000007056ffee0, 0x0000000705700000| 99%| O|  |TS  0|AC  0|TAMS 0x0000000705600000, 0x0000000705600000|
|  87|0x0000000705700000, 0x00000007057ffc90, 0x0000000705800000| 99%| O|  |TS  0|AC  0|TAMS 0x0000000705700000, 0x0000000705700000|
|  88|0x0000000705800000, 0x0000000705900000, 0x0000000705900000|100%|HS|  |TS  0|AC  0|TAMS 0x0000000705800000, 0x0000000705800000|
|  89|0x0000000705900000, 0x00000007059ffff0, 0x0000000705a00000| 99%| O|  |TS  0|AC  0|TAMS 0x0000000705900000, 0x0000000705900000|
|  90|0x0000000705a00000, 0x0000000705afffb8, 0x0000000705b00000| 99%| O|  |TS  0|AC  0|TAMS 0x0000000705a00000, 0x0000000705a00000|
|  91|0x0000000705b00000, 0x0000000705c00000, 0x0000000705c00000|100%|HS|  |TS  0|AC  0|TAMS 0x0000000705b00000, 0x0000000705b00000|
|  92|0x0000000705c00000, 0x0000000705d00000, 0x0000000705d00000|100%| O|  |TS  0|AC  0|TAMS 0x0000000705c00000, 0x0000000705c00000|
|  93|0x0000000705d00000, 0x0000000705dfffe8, 0x0000000705e00000| 99%| O|  |TS  0|AC  0|TAMS 0x0000000705d00000, 0x0000000705d00000|
|  94|0x0000000705e00000, 0x0000000705e1bfb8, 0x0000000705f00000| 10%| O|  |TS  0|AC  0|TAMS 0x0000000705e00000, 0x0000000705e00000|
|  95|0x0000000705f00000, 0x0000000705f00000, 0x0000000706000000|  0%| F|  |TS  0|AC  0|TAMS 0x0000000705f00000, 0x0000000705f00000|
|  96|0x0000000706000000, 0x0000000706000000, 0x0000000706100000|  0%| F|  |TS  0|AC  0|TAMS 0x0000000706000000, 0x0000000706000000|
|  97|0x0000000706100000, 0x0000000706100000, 0x0000000706200000|  0%| F|  |TS  0|AC  0|TAMS 0x0000000706100000, 0x0000000706100000|
|  98|0x0000000706200000, 0x0000000706200000, 0x0000000706300000|  0%| F|  |TS  0|AC  0|TAMS 0x0000000706200000, 0x0000000706200000|
|  99|0x0000000706300000, 0x0000000706400000, 0x0000000706400000|100%|HS|  |TS  0|AC  0|TAMS 0x0000000706300000, 0x0000000706300000|
| 100|0x0000000706400000, 0x0000000706500000, 0x0000000706500000|100%|HC|  |TS  0|AC  0|TAMS 0x0000000706400000, 0x0000000706400000|
| 101|0x0000000706500000, 0x0000000706600000, 0x0000000706600000|100%|HC|  |TS  0|AC  0|TAMS 0x0000000706500000, 0x0000000706500000|
| 102|0x0000000706600000, 0x0000000706700000, 0x0000000706700000|100%|HC|  |TS  0|AC  0|TAMS 0x0000000706600000, 0x0000000706600000|
| 103|0x0000000706700000, 0x0000000706700000, 0x0000000706800000|  0%| F|  |TS  0|AC  0|TAMS 0x0000000706700000, 0x0000000706700000|
| 104|0x0000000706800000, 0x0000000706800000, 0x0000000706900000|  0%| F|  |TS  0|AC  0|TAMS 0x0000000706800000, 0x0000000706800000|
| 105|0x0000000706900000, 0x0000000706a00000, 0x0000000706a00000|100%|HS|  |TS  0|AC  0|TAMS 0x0000000706900000, 0x0000000706900000|
| 106|0x0000000706a00000, 0x0000000706b00000, 0x0000000706b00000|100%|HS|  |TS  0|AC  0|TAMS 0x0000000706a00000, 0x0000000706a00000|
| 107|0x0000000706b00000, 0x0000000706c00000, 0x0000000706c00000|100%|HC|  |TS  0|AC  0|TAMS 0x0000000706b00000, 0x0000000706b00000|
| 108|0x0000000706c00000, 0x0000000706d00000, 0x0000000706d00000|100%|HC|  |TS  0|AC  0|TAMS 0x0000000706c00000, 0x0000000706c00000|
| 109|0x0000000706d00000, 0x0000000706e00000, 0x0000000706e00000|100%|HC|  |TS  0|AC  0|TAMS 0x0000000706d00000, 0x0000000706d00000|
| 110|0x0000000706e00000, 0x0000000706f00000, 0x0000000706f00000|100%|HC|  |TS  0|AC  0|TAMS 0x0000000706e00000, 0x0000000706e00000|
| 111|0x0000000706f00000, 0x0000000707000000, 0x0000000707000000|100%|HC|  |TS  0|AC  0|TAMS 0x0000000706f00000, 0x0000000706f00000|
| 112|0x0000000707000000, 0x0000000707100000, 0x0000000707100000|100%|HC|  |TS  0|AC  0|TAMS 0x0000000707000000, 0x0000000707000000|
| 113|0x0000000707100000, 0x0000000707200000, 0x0000000707200000|100%|HC|  |TS  0|AC  0|TAMS 0x0000000707100000, 0x0000000707100000|
| 114|0x0000000707200000, 0x0000000707300000, 0x0000000707300000|100%|HC|  |TS  0|AC  0|TAMS 0x0000000707200000, 0x0000000707200000|
| 115|0x0000000707300000, 0x0000000707400000, 0x0000000707400000|100%|HC|  |TS  0|AC  0|TAMS 0x0000000707300000, 0x0000000707300000|
| 116|0x0000000707400000, 0x0000000707500000, 0x0000000707500000|100%|HC|  |TS  0|AC  0|TAMS 0x0000000707400000, 0x0000000707400000|
| 117|0x0000000707500000, 0x0000000707500000, 0x0000000707600000|  0%| F|  |TS  0|AC  0|TAMS 0x0000000707500000, 0x0000000707500000|
| 118|0x0000000707600000, 0x0000000707600000, 0x0000000707700000|  0%| F|  |TS  0|AC  0|TAMS 0x0000000707600000, 0x0000000707600000|
| 119|0x0000000707700000, 0x0000000707700000, 0x0000000707800000|  0%| F|  |TS  0|AC  0|TAMS 0x0000000707700000, 0x0000000707700000|
| 120|0x0000000707800000, 0x0000000707800000, 0x0000000707900000|  0%| F|  |TS  0|AC  0|TAMS 0x0000000707800000, 0x0000000707800000|
| 121|0x0000000707900000, 0x0000000707900000, 0x0000000707a00000|  0%| F|  |TS  0|AC  0|TAMS 0x0000000707900000, 0x0000000707900000|
| 122|0x0000000707a00000, 0x0000000707a00000, 0x0000000707b00000|  0%| F|  |TS  0|AC  0|TAMS 0x0000000707a00000, 0x0000000707a00000|
| 123|0x0000000707b00000, 0x0000000707b00000, 0x0000000707c00000|  0%| F|  |TS  0|AC  0|TAMS 0x0000000707b00000, 0x0000000707b00000|
| 124|0x0000000707c00000, 0x0000000707c00000, 0x0000000707d00000|  0%| F|  |TS  0|AC  0|TAMS 0x0000000707c00000, 0x0000000707c00000|
| 125|0x0000000707d00000, 0x0000000707d00000, 0x0000000707e00000|  0%| F|  |TS  0|AC  0|TAMS 0x0000000707d00000, 0x0000000707d00000|
| 126|0x0000000707e00000, 0x0000000707e00000, 0x0000000707f00000|  0%| F|  |TS  0|AC  0|TAMS 0x0000000707e00000, 0x0000000707e00000|
| 127|0x0000000707f00000, 0x0000000707f00000, 0x0000000708000000|  0%| F|  |TS  0|AC  0|TAMS 0x0000000707f00000, 0x0000000707f00000|
| 128|0x0000000708000000, 0x0000000708000000, 0x0000000708100000|  0%| F|  |TS  0|AC  0|TAMS 0x0000000708000000, 0x0000000708000000|
| 129|0x0000000708100000, 0x0000000708100000, 0x0000000708200000|  0%| F|  |TS  0|AC  0|TAMS 0x0000000708100000, 0x0000000708100000|
| 130|0x0000000708200000, 0x0000000708200000, 0x0000000708300000|  0%| F|  |TS  0|AC  0|TAMS 0x0000000708200000, 0x0000000708200000|
| 131|0x0000000708300000, 0x0000000708300000, 0x0000000708400000|  0%| F|  |TS  0|AC  0|TAMS 0x0000000708300000, 0x0000000708300000|
| 132|0x0000000708400000, 0x0000000708400000, 0x0000000708500000|  0%| F|  |TS  0|AC  0|TAMS 0x0000000708400000, 0x0000000708400000|
| 133|0x0000000708500000, 0x0000000708500000, 0x0000000708600000|  0%| F|  |TS  0|AC  0|TAMS 0x0000000708500000, 0x0000000708500000|
| 134|0x0000000708600000, 0x0000000708600000, 0x0000000708700000|  0%| F|  |TS  0|AC  0|TAMS 0x0000000708600000, 0x0000000708600000|
| 135|0x0000000708700000, 0x0000000708700000, 0x0000000708800000|  0%| F|  |TS  0|AC  0|TAMS 0x0000000708700000, 0x0000000708700000|
| 136|0x0000000708800000, 0x0000000708800000, 0x0000000708900000|  0%| F|  |TS  0|AC  0|TAMS 0x0000000708800000, 0x0000000708800000|
| 137|0x0000000708900000, 0x0000000708900000, 0x0000000708a00000|  0%| F|  |TS  0|AC  0|TAMS 0x0000000708900000, 0x0000000708900000|
| 138|0x0000000708a00000, 0x0000000708a00000, 0x0000000708b00000|  0%| F|  |TS  0|AC  0|TAMS 0x0000000708a00000, 0x0000000708a00000|
| 139|0x0000000708b00000, 0x0000000708b00000, 0x0000000708c00000|  0%| F|  |TS  0|AC  0|TAMS 0x0000000708b00000, 0x0000000708b00000|
| 140|0x0000000708c00000, 0x0000000708c00000, 0x0000000708d00000|  0%| F|  |TS  0|AC  0|TAMS 0x0000000708c00000, 0x0000000708c00000|
| 141|0x0000000708d00000, 0x0000000708d00000, 0x0000000708e00000|  0%| F|  |TS  0|AC  0|TAMS 0x0000000708d00000, 0x0000000708d00000|
| 142|0x0000000708e00000, 0x0000000708e00000, 0x0000000708f00000|  0%| F|  |TS  0|AC  0|TAMS 0x0000000708e00000, 0x0000000708e00000|
| 143|0x0000000708f00000, 0x0000000708f00000, 0x0000000709000000|  0%| F|  |TS  0|AC  0|TAMS 0x0000000708f00000, 0x0000000708f00000|
| 144|0x0000000709000000, 0x0000000709000000, 0x0000000709100000|  0%| F|  |TS  0|AC  0|TAMS 0x0000000709000000, 0x0000000709000000|
| 145|0x0000000709100000, 0x0000000709100000, 0x0000000709200000|  0%| F|  |TS  0|AC  0|TAMS 0x0000000709100000, 0x0000000709100000|
| 146|0x0000000709200000, 0x0000000709200000, 0x0000000709300000|  0%| F|  |TS  0|AC  0|TAMS 0x0000000709200000, 0x0000000709200000|
| 147|0x0000000709300000, 0x0000000709300000, 0x0000000709400000|  0%| F|  |TS  0|AC  0|TAMS 0x0000000709300000, 0x0000000709300000|
| 148|0x0000000709400000, 0x0000000709400000, 0x0000000709500000|  0%| F|  |TS  0|AC  0|TAMS 0x0000000709400000, 0x0000000709400000|
| 149|0x0000000709500000, 0x0000000709500000, 0x0000000709600000|  0%| F|  |TS  0|AC  0|TAMS 0x0000000709500000, 0x0000000709500000|
| 150|0x0000000709600000, 0x0000000709600000, 0x0000000709700000|  0%| F|  |TS  0|AC  0|TAMS 0x0000000709600000, 0x0000000709600000|
| 151|0x0000000709700000, 0x0000000709700000, 0x0000000709800000|  0%| F|  |TS  0|AC  0|TAMS 0x0000000709700000, 0x0000000709700000|
| 152|0x0000000709800000, 0x0000000709800000, 0x0000000709900000|  0%| F|  |TS  0|AC  0|TAMS 0x0000000709800000, 0x0000000709800000|
| 153|0x0000000709900000, 0x0000000709900000, 0x0000000709a00000|  0%| F|  |TS  0|AC  0|TAMS 0x0000000709900000, 0x0000000709900000|
| 154|0x0000000709a00000, 0x0000000709a00000, 0x0000000709b00000|  0%| F|  |TS  0|AC  0|TAMS 0x0000000709a00000, 0x0000000709a00000|
| 155|0x0000000709b00000, 0x0000000709b00000, 0x0000000709c00000|  0%| F|  |TS  0|AC  0|TAMS 0x0000000709b00000, 0x0000000709b00000|
| 156|0x0000000709c00000, 0x0000000709c00000, 0x0000000709d00000|  0%| F|  |TS  0|AC  0|TAMS 0x0000000709c00000, 0x0000000709c00000|
| 157|0x0000000709d00000, 0x0000000709d00000, 0x0000000709e00000|  0%| F|  |TS  0|AC  0|TAMS 0x0000000709d00000, 0x0000000709d00000|
| 158|0x0000000709e00000, 0x0000000709e00000, 0x0000000709f00000|  0%| F|  |TS  0|AC  0|TAMS 0x0000000709e00000, 0x0000000709e00000|
| 159|0x0000000709f00000, 0x0000000709f00000, 0x000000070a000000|  0%| F|  |TS  0|AC  0|TAMS 0x0000000709f00000, 0x0000000709f00000|
| 160|0x000000070a000000, 0x000000070a000000, 0x000000070a100000|  0%| F|  |TS  0|AC  0|TAMS 0x000000070a000000, 0x000000070a000000|
| 161|0x000000070a100000, 0x000000070a100000, 0x000000070a200000|  0%| F|  |TS  0|AC  0|TAMS 0x000000070a100000, 0x000000070a100000|
| 162|0x000000070a200000, 0x000000070a200000, 0x000000070a300000|  0%| F|  |TS  0|AC  0|TAMS 0x000000070a200000, 0x000000070a200000|
| 163|0x000000070a300000, 0x000000070a300000, 0x000000070a400000|  0%| F|  |TS  0|AC  0|TAMS 0x000000070a300000, 0x000000070a300000|
| 164|0x000000070a400000, 0x000000070a400000, 0x000000070a500000|  0%| F|  |TS  0|AC  0|TAMS 0x000000070a400000, 0x000000070a400000|
| 165|0x000000070a500000, 0x000000070a500000, 0x000000070a600000|  0%| F|  |TS  0|AC  0|TAMS 0x000000070a500000, 0x000000070a500000|
| 166|0x000000070a600000, 0x000000070a600000, 0x000000070a700000|  0%| F|  |TS  0|AC  0|TAMS 0x000000070a600000, 0x000000070a600000|
| 167|0x000000070a700000, 0x000000070a700000, 0x000000070a800000|  0%| F|  |TS  0|AC  0|TAMS 0x000000070a700000, 0x000000070a700000|
| 168|0x000000070a800000, 0x000000070a800000, 0x000000070a900000|  0%| F|  |TS  0|AC  0|TAMS 0x000000070a800000, 0x000000070a800000|
| 169|0x000000070a900000, 0x000000070a900000, 0x000000070aa00000|  0%| F|  |TS  0|AC  0|TAMS 0x000000070a900000, 0x000000070a900000|
| 170|0x000000070aa00000, 0x000000070aa00000, 0x000000070ab00000|  0%| F|  |TS  0|AC  0|TAMS 0x000000070aa00000, 0x000000070aa00000|
| 171|0x000000070ab00000, 0x000000070ab00000, 0x000000070ac00000|  0%| F|  |TS  0|AC  0|TAMS 0x000000070ab00000, 0x000000070ab00000|
| 172|0x000000070ac00000, 0x000000070ac00000, 0x000000070ad00000|  0%| F|  |TS  0|AC  0|TAMS 0x000000070ac00000, 0x000000070ac00000|
| 173|0x000000070ad00000, 0x000000070ad00000, 0x000000070ae00000|  0%| F|  |TS  0|AC  0|TAMS 0x000000070ad00000, 0x000000070ad00000|
| 174|0x000000070ae00000, 0x000000070ae00000, 0x000000070af00000|  0%| F|  |TS  0|AC  0|TAMS 0x000000070ae00000, 0x000000070ae00000|
| 175|0x000000070af00000, 0x000000070af00000, 0x000000070b000000|  0%| F|  |TS  0|AC  0|TAMS 0x000000070af00000, 0x000000070af00000|
| 176|0x000000070b000000, 0x000000070b000000, 0x000000070b100000|  0%| F|  |TS  0|AC  0|TAMS 0x000000070b000000, 0x000000070b000000|
| 177|0x000000070b100000, 0x000000070b100000, 0x000000070b200000|  0%| F|  |TS  0|AC  0|TAMS 0x000000070b100000, 0x000000070b100000|
| 178|0x000000070b200000, 0x000000070b200000, 0x000000070b300000|  0%| F|  |TS  0|AC  0|TAMS 0x000000070b200000, 0x000000070b200000|
| 179|0x000000070b300000, 0x000000070b300000, 0x000000070b400000|  0%| F|  |TS  0|AC  0|TAMS 0x000000070b300000, 0x000000070b300000|
| 180|0x000000070b400000, 0x000000070b400000, 0x000000070b500000|  0%| F|  |TS  0|AC  0|TAMS 0x000000070b400000, 0x000000070b400000|
| 181|0x000000070b500000, 0x000000070b500000, 0x000000070b600000|  0%| F|  |TS  0|AC  0|TAMS 0x000000070b500000, 0x000000070b500000|
| 182|0x000000070b600000, 0x000000070b600000, 0x000000070b700000|  0%| F|  |TS  0|AC  0|TAMS 0x000000070b600000, 0x000000070b600000|
| 183|0x000000070b700000, 0x000000070b700000, 0x000000070b800000|  0%| F|  |TS  0|AC  0|TAMS 0x000000070b700000, 0x000000070b700000|
| 184|0x000000070b800000, 0x000000070b800000, 0x000000070b900000|  0%| F|  |TS  0|AC  0|TAMS 0x000000070b800000, 0x000000070b800000|
| 185|0x000000070b900000, 0x000000070b900000, 0x000000070ba00000|  0%| F|  |TS  0|AC  0|TAMS 0x000000070b900000, 0x000000070b900000|
| 186|0x000000070ba00000, 0x000000070ba00000, 0x000000070bb00000|  0%| F|  |TS  0|AC  0|TAMS 0x000000070ba00000, 0x000000070ba00000|
| 187|0x000000070bb00000, 0x000000070bb00000, 0x000000070bc00000|  0%| F|  |TS  0|AC  0|TAMS 0x000000070bb00000, 0x000000070bb00000|
| 188|0x000000070bc00000, 0x000000070bc00000, 0x000000070bd00000|  0%| F|  |TS  0|AC  0|TAMS 0x000000070bc00000, 0x000000070bc00000|
| 189|0x000000070bd00000, 0x000000070bd00000, 0x000000070be00000|  0%| F|  |TS  0|AC  0|TAMS 0x000000070bd00000, 0x000000070bd00000|
| 190|0x000000070be00000, 0x000000070be00000, 0x000000070bf00000|  0%| F|  |TS  0|AC  0|TAMS 0x000000070be00000, 0x000000070be00000|
| 191|0x000000070bf00000, 0x000000070bf00000, 0x000000070c000000|  0%| F|  |TS  0|AC  0|TAMS 0x000000070bf00000, 0x000000070bf00000|
| 192|0x000000070c000000, 0x000000070c000000, 0x000000070c100000|  0%| F|  |TS  0|AC  0|TAMS 0x000000070c000000, 0x000000070c000000|
| 193|0x000000070c100000, 0x000000070c100000, 0x000000070c200000|  0%| F|  |TS  0|AC  0|TAMS 0x000000070c100000, 0x000000070c100000|
| 194|0x000000070c200000, 0x000000070c200000, 0x000000070c300000|  0%| F|  |TS  0|AC  0|TAMS 0x000000070c200000, 0x000000070c200000|
| 195|0x000000070c300000, 0x000000070c300000, 0x000000070c400000|  0%| F|  |TS  0|AC  0|TAMS 0x000000070c300000, 0x000000070c300000|
| 196|0x000000070c400000, 0x000000070c400000, 0x000000070c500000|  0%| F|  |TS  0|AC  0|TAMS 0x000000070c400000, 0x000000070c400000|
| 197|0x000000070c500000, 0x000000070c500000, 0x000000070c600000|  0%| F|  |TS  0|AC  0|TAMS 0x000000070c500000, 0x000000070c500000|
| 198|0x000000070c600000, 0x000000070c600000, 0x000000070c700000|  0%| F|  |TS  0|AC  0|TAMS 0x000000070c600000, 0x000000070c600000|
| 199|0x000000070c700000, 0x000000070c700000, 0x000000070c800000|  0%| F|  |TS  0|AC  0|TAMS 0x000000070c700000, 0x000000070c700000|
| 200|0x000000070c800000, 0x000000070c800000, 0x000000070c900000|  0%| F|  |TS  0|AC  0|TAMS 0x000000070c800000, 0x000000070c800000|
| 201|0x000000070c900000, 0x000000070c900000, 0x000000070ca00000|  0%| F|  |TS  0|AC  0|TAMS 0x000000070c900000, 0x000000070c900000|
| 202|0x000000070ca00000, 0x000000070ca00000, 0x000000070cb00000|  0%| F|  |TS  0|AC  0|TAMS 0x000000070ca00000, 0x000000070ca00000|
| 203|0x000000070cb00000, 0x000000070cb00000, 0x000000070cc00000|  0%| F|  |TS  0|AC  0|TAMS 0x000000070cb00000, 0x000000070cb00000|
| 204|0x000000070cc00000, 0x000000070cc00000, 0x000000070cd00000|  0%| F|  |TS  0|AC  0|TAMS 0x000000070cc00000, 0x000000070cc00000|
| 205|0x000000070cd00000, 0x000000070cd00000, 0x000000070ce00000|  0%| F|  |TS  0|AC  0|TAMS 0x000000070cd00000, 0x000000070cd00000|
| 206|0x000000070ce00000, 0x000000070ce00000, 0x000000070cf00000|  0%| F|  |TS  0|AC  0|TAMS 0x000000070ce00000, 0x000000070ce00000|
| 207|0x000000070cf00000, 0x000000070cf00000, 0x000000070d000000|  0%| F|  |TS  0|AC  0|TAMS 0x000000070cf00000, 0x000000070cf00000|
| 208|0x000000070d000000, 0x000000070d000000, 0x000000070d100000|  0%| F|  |TS  0|AC  0|TAMS 0x000000070d000000, 0x000000070d000000|
| 209|0x000000070d100000, 0x000000070d100000, 0x000000070d200000|  0%| F|  |TS  0|AC  0|TAMS 0x000000070d100000, 0x000000070d100000|
| 210|0x000000070d200000, 0x000000070d200000, 0x000000070d300000|  0%| F|  |TS  0|AC  0|TAMS 0x000000070d200000, 0x000000070d200000|
| 211|0x000000070d300000, 0x000000070d300000, 0x000000070d400000|  0%| F|  |TS  0|AC  0|TAMS 0x000000070d300000, 0x000000070d300000|
| 212|0x000000070d400000, 0x000000070d400000, 0x000000070d500000|  0%| F|  |TS  0|AC  0|TAMS 0x000000070d400000, 0x000000070d400000|
| 213|0x000000070d500000, 0x000000070d500000, 0x000000070d600000|  0%| F|  |TS  0|AC  0|TAMS 0x000000070d500000, 0x000000070d500000|
| 214|0x000000070d600000, 0x000000070d600000, 0x000000070d700000|  0%| F|  |TS  0|AC  0|TAMS 0x000000070d600000, 0x000000070d600000|
| 215|0x000000070d700000, 0x000000070d700000, 0x000000070d800000|  0%| F|  |TS  0|AC  0|TAMS 0x000000070d700000, 0x000000070d700000|
| 216|0x000000070d800000, 0x000000070d800000, 0x000000070d900000|  0%| F|  |TS  0|AC  0|TAMS 0x000000070d800000, 0x000000070d800000|
| 217|0x000000070d900000, 0x000000070d900000, 0x000000070da00000|  0%| F|  |TS  0|AC  0|TAMS 0x000000070d900000, 0x000000070d900000|
| 218|0x000000070da00000, 0x000000070da00000, 0x000000070db00000|  0%| F|  |TS  0|AC  0|TAMS 0x000000070da00000, 0x000000070da00000|
| 219|0x000000070db00000, 0x000000070db00000, 0x000000070dc00000|  0%| F|  |TS  0|AC  0|TAMS 0x000000070db00000, 0x000000070db00000|
| 220|0x000000070dc00000, 0x000000070dc00000, 0x000000070dd00000|  0%| F|  |TS  0|AC  0|TAMS 0x000000070dc00000, 0x000000070dc00000|
| 221|0x000000070dd00000, 0x000000070dd00000, 0x000000070de00000|  0%| F|  |TS  0|AC  0|TAMS 0x000000070dd00000, 0x000000070dd00000|
| 222|0x000000070de00000, 0x000000070de00000, 0x000000070df00000|  0%| F|  |TS  0|AC  0|TAMS 0x000000070de00000, 0x000000070de00000|
| 223|0x000000070df00000, 0x000000070df00000, 0x000000070e000000|  0%| F|  |TS  0|AC  0|TAMS 0x000000070df00000, 0x000000070df00000|
| 224|0x000000070e000000, 0x000000070e000000, 0x000000070e100000|  0%| F|  |TS  0|AC  0|TAMS 0x000000070e000000, 0x000000070e000000|
| 225|0x000000070e100000, 0x000000070e100000, 0x000000070e200000|  0%| F|  |TS  0|AC  0|TAMS 0x000000070e100000, 0x000000070e100000|
| 226|0x000000070e200000, 0x000000070e200000, 0x000000070e300000|  0%| F|  |TS  0|AC  0|TAMS 0x000000070e200000, 0x000000070e200000|
| 227|0x000000070e300000, 0x000000070e300000, 0x000000070e400000|  0%| F|  |TS  0|AC  0|TAMS 0x000000070e300000, 0x000000070e300000|
| 228|0x000000070e400000, 0x000000070e400000, 0x000000070e500000|  0%| F|  |TS  0|AC  0|TAMS 0x000000070e400000, 0x000000070e400000|
| 229|0x000000070e500000, 0x000000070e500000, 0x000000070e600000|  0%| F|  |TS  0|AC  0|TAMS 0x000000070e500000, 0x000000070e500000|
| 230|0x000000070e600000, 0x000000070e600000, 0x000000070e700000|  0%| F|  |TS  0|AC  0|TAMS 0x000000070e600000, 0x000000070e600000|
| 231|0x000000070e700000, 0x000000070e700000, 0x000000070e800000|  0%| F|  |TS  0|AC  0|TAMS 0x000000070e700000, 0x000000070e700000|
| 232|0x000000070e800000, 0x000000070e800000, 0x000000070e900000|  0%| F|  |TS  0|AC  0|TAMS 0x000000070e800000, 0x000000070e800000|
| 233|0x000000070e900000, 0x000000070e900000, 0x000000070ea00000|  0%| F|  |TS  0|AC  0|TAMS 0x000000070e900000, 0x000000070e900000|
| 234|0x000000070ea00000, 0x000000070ea00000, 0x000000070eb00000|  0%| F|  |TS  0|AC  0|TAMS 0x000000070ea00000, 0x000000070ea00000|
| 235|0x000000070eb00000, 0x000000070eb00000, 0x000000070ec00000|  0%| F|  |TS  0|AC  0|TAMS 0x000000070eb00000, 0x000000070eb00000|
| 236|0x000000070ec00000, 0x000000070ec00000, 0x000000070ed00000|  0%| F|  |TS  0|AC  0|TAMS 0x000000070ec00000, 0x000000070ec00000|
| 237|0x000000070ed00000, 0x000000070ed00000, 0x000000070ee00000|  0%| F|  |TS  0|AC  0|TAMS 0x000000070ed00000, 0x000000070ed00000|
| 238|0x000000070ee00000, 0x000000070ee00000, 0x000000070ef00000|  0%| F|  |TS  0|AC  0|TAMS 0x000000070ee00000, 0x000000070ee00000|
| 239|0x000000070ef00000, 0x000000070ef00000, 0x000000070f000000|  0%| F|  |TS  0|AC  0|TAMS 0x000000070ef00000, 0x000000070ef00000|
| 240|0x000000070f000000, 0x000000070f000000, 0x000000070f100000|  0%| F|  |TS  0|AC  0|TAMS 0x000000070f000000, 0x000000070f000000|
| 241|0x000000070f100000, 0x000000070f100000, 0x000000070f200000|  0%| F|  |TS  0|AC  0|TAMS 0x000000070f100000, 0x000000070f100000|
| 242|0x000000070f200000, 0x000000070f200000, 0x000000070f300000|  0%| F|  |TS  0|AC  0|TAMS 0x000000070f200000, 0x000000070f200000|
| 243|0x000000070f300000, 0x000000070f300000, 0x000000070f400000|  0%| F|  |TS  0|AC  0|TAMS 0x000000070f300000, 0x000000070f300000|
| 244|0x000000070f400000, 0x000000070f400000, 0x000000070f500000|  0%| F|  |TS  0|AC  0|TAMS 0x000000070f400000, 0x000000070f400000|
| 245|0x000000070f500000, 0x000000070f500000, 0x000000070f600000|  0%| F|  |TS  0|AC  0|TAMS 0x000000070f500000, 0x000000070f500000|
| 246|0x000000070f600000, 0x000000070f600000, 0x000000070f700000|  0%| F|  |TS  0|AC  0|TAMS 0x000000070f600000, 0x000000070f600000|
| 247|0x000000070f700000, 0x000000070f700000, 0x000000070f800000|  0%| F|  |TS  0|AC  0|TAMS 0x000000070f700000, 0x000000070f700000|
| 248|0x000000070f800000, 0x000000070f800000, 0x000000070f900000|  0%| F|  |TS  0|AC  0|TAMS 0x000000070f800000, 0x000000070f800000|
| 249|0x000000070f900000, 0x000000070f900000, 0x000000070fa00000|  0%| F|  |TS  0|AC  0|TAMS 0x000000070f900000, 0x000000070f900000|
| 250|0x000000070fa00000, 0x000000070fa00000, 0x000000070fb00000|  0%| F|  |TS  0|AC  0|TAMS 0x000000070fa00000, 0x000000070fa00000|
| 251|0x000000070fb00000, 0x000000070fb00000, 0x000000070fc00000|  0%| F|  |TS  0|AC  0|TAMS 0x000000070fb00000, 0x000000070fb00000|
| 252|0x000000070fc00000, 0x000000070fc00000, 0x000000070fd00000|  0%| F|  |TS  0|AC  0|TAMS 0x000000070fc00000, 0x000000070fc00000|
| 253|0x000000070fd00000, 0x000000070fd00000, 0x000000070fe00000|  0%| F|  |TS  0|AC  0|TAMS 0x000000070fd00000, 0x000000070fd00000|
| 254|0x000000070fe00000, 0x000000070fe00000, 0x000000070ff00000|  0%| F|  |TS  0|AC  0|TAMS 0x000000070fe00000, 0x000000070fe00000|
| 255|0x000000070ff00000, 0x000000070ff00000, 0x0000000710000000|  0%| F|  |TS  0|AC  0|TAMS 0x000000070ff00000, 0x000000070ff00000|
| 256|0x0000000710000000, 0x0000000710000000, 0x0000000710100000|  0%| F|  |TS  0|AC  0|TAMS 0x0000000710000000, 0x0000000710000000|
| 257|0x0000000710100000, 0x0000000710100000, 0x0000000710200000|  0%| F|  |TS  0|AC  0|TAMS 0x0000000710100000, 0x0000000710100000|
| 258|0x0000000710200000, 0x0000000710200000, 0x0000000710300000|  0%| F|  |TS  0|AC  0|TAMS 0x0000000710200000, 0x0000000710200000|
| 259|0x0000000710300000, 0x0000000710300000, 0x0000000710400000|  0%| F|  |TS  0|AC  0|TAMS 0x0000000710300000, 0x0000000710300000|
| 260|0x0000000710400000, 0x0000000710400000, 0x0000000710500000|  0%| F|  |TS  0|AC  0|TAMS 0x0000000710400000, 0x0000000710400000|
| 261|0x0000000710500000, 0x0000000710500000, 0x0000000710600000|  0%| F|  |TS  0|AC  0|TAMS 0x0000000710500000, 0x0000000710500000|
| 262|0x0000000710600000, 0x0000000710600000, 0x0000000710700000|  0%| F|  |TS  0|AC  0|TAMS 0x0000000710600000, 0x0000000710600000|
| 263|0x0000000710700000, 0x0000000710700000, 0x0000000710800000|  0%| F|  |TS  0|AC  0|TAMS 0x0000000710700000, 0x0000000710700000|
| 264|0x0000000710800000, 0x0000000710800000, 0x0000000710900000|  0%| F|  |TS  0|AC  0|TAMS 0x0000000710800000, 0x0000000710800000|
| 265|0x0000000710900000, 0x0000000710900000, 0x0000000710a00000|  0%| F|  |TS  0|AC  0|TAMS 0x0000000710900000, 0x0000000710900000|
| 266|0x0000000710a00000, 0x0000000710a00000, 0x0000000710b00000|  0%| F|  |TS  0|AC  0|TAMS 0x0000000710a00000, 0x0000000710a00000|
| 267|0x0000000710b00000, 0x0000000710b00000, 0x0000000710c00000|  0%| F|  |TS  0|AC  0|TAMS 0x0000000710b00000, 0x0000000710b00000|
| 268|0x0000000710c00000, 0x0000000710c00000, 0x0000000710d00000|  0%| F|  |TS  0|AC  0|TAMS 0x0000000710c00000, 0x0000000710c00000|
| 269|0x0000000710d00000, 0x0000000710d00000, 0x0000000710e00000|  0%| F|  |TS  0|AC  0|TAMS 0x0000000710d00000, 0x0000000710d00000|
| 270|0x0000000710e00000, 0x0000000710e00000, 0x0000000710f00000|  0%| F|  |TS  0|AC  0|TAMS 0x0000000710e00000, 0x0000000710e00000|
| 271|0x0000000710f00000, 0x0000000710f00000, 0x0000000711000000|  0%| F|  |TS  0|AC  0|TAMS 0x0000000710f00000, 0x0000000710f00000|
| 272|0x0000000711000000, 0x0000000711000000, 0x0000000711100000|  0%| F|  |TS  0|AC  0|TAMS 0x0000000711000000, 0x0000000711000000|
| 273|0x0000000711100000, 0x0000000711100000, 0x0000000711200000|  0%| F|  |TS  0|AC  0|TAMS 0x0000000711100000, 0x0000000711100000|
| 274|0x0000000711200000, 0x0000000711200000, 0x0000000711300000|  0%| F|  |TS  0|AC  0|TAMS 0x0000000711200000, 0x0000000711200000|
| 275|0x0000000711300000, 0x0000000711300000, 0x0000000711400000|  0%| F|  |TS  0|AC  0|TAMS 0x0000000711300000, 0x0000000711300000|
| 276|0x0000000711400000, 0x0000000711400000, 0x0000000711500000|  0%| F|  |TS  0|AC  0|TAMS 0x0000000711400000, 0x0000000711400000|
| 277|0x0000000711500000, 0x0000000711500000, 0x0000000711600000|  0%| F|  |TS  0|AC  0|TAMS 0x0000000711500000, 0x0000000711500000|
| 278|0x0000000711600000, 0x0000000711600000, 0x0000000711700000|  0%| F|  |TS  0|AC  0|TAMS 0x0000000711600000, 0x0000000711600000|
| 279|0x0000000711700000, 0x0000000711700000, 0x0000000711800000|  0%| F|  |TS  0|AC  0|TAMS 0x0000000711700000, 0x0000000711700000|
| 280|0x0000000711800000, 0x0000000711800000, 0x0000000711900000|  0%| F|  |TS  0|AC  0|TAMS 0x0000000711800000, 0x0000000711800000|
| 281|0x0000000711900000, 0x0000000711900000, 0x0000000711a00000|  0%| F|  |TS  0|AC  0|TAMS 0x0000000711900000, 0x0000000711900000|
| 282|0x0000000711a00000, 0x0000000711a00000, 0x0000000711b00000|  0%| F|  |TS  0|AC  0|TAMS 0x0000000711a00000, 0x0000000711a00000|
| 283|0x0000000711b00000, 0x0000000711b00000, 0x0000000711c00000|  0%| F|  |TS  0|AC  0|TAMS 0x0000000711b00000, 0x0000000711b00000|
| 284|0x0000000711c00000, 0x0000000711c00000, 0x0000000711d00000|  0%| F|  |TS  0|AC  0|TAMS 0x0000000711c00000, 0x0000000711c00000|
| 285|0x0000000711d00000, 0x0000000711d00000, 0x0000000711e00000|  0%| F|  |TS  0|AC  0|TAMS 0x0000000711d00000, 0x0000000711d00000|
| 286|0x0000000711e00000, 0x0000000711e00000, 0x0000000711f00000|  0%| F|  |TS  0|AC  0|TAMS 0x0000000711e00000, 0x0000000711e00000|
| 287|0x0000000711f00000, 0x0000000711f00000, 0x0000000712000000|  0%| F|  |TS  0|AC  0|TAMS 0x0000000711f00000, 0x0000000711f00000|
| 288|0x0000000712000000, 0x0000000712000000, 0x0000000712100000|  0%| F|  |TS  0|AC  0|TAMS 0x0000000712000000, 0x0000000712000000|
| 289|0x0000000712100000, 0x0000000712100000, 0x0000000712200000|  0%| F|  |TS  0|AC  0|TAMS 0x0000000712100000, 0x0000000712100000|
| 290|0x0000000712200000, 0x0000000712200000, 0x0000000712300000|  0%| F|  |TS  0|AC  0|TAMS 0x0000000712200000, 0x0000000712200000|
| 291|0x0000000712300000, 0x0000000712300000, 0x0000000712400000|  0%| F|  |TS  0|AC  0|TAMS 0x0000000712300000, 0x0000000712300000|
| 292|0x0000000712400000, 0x0000000712400000, 0x0000000712500000|  0%| F|  |TS  0|AC  0|TAMS 0x0000000712400000, 0x0000000712400000|
| 293|0x0000000712500000, 0x0000000712500000, 0x0000000712600000|  0%| F|  |TS  0|AC  0|TAMS 0x0000000712500000, 0x0000000712500000|
| 294|0x0000000712600000, 0x0000000712600000, 0x0000000712700000|  0%| F|  |TS  0|AC  0|TAMS 0x0000000712600000, 0x0000000712600000|
| 295|0x0000000712700000, 0x0000000712700000, 0x0000000712800000|  0%| F|  |TS  0|AC  0|TAMS 0x0000000712700000, 0x0000000712700000|
| 296|0x0000000712800000, 0x0000000712800000, 0x0000000712900000|  0%| F|  |TS  0|AC  0|TAMS 0x0000000712800000, 0x0000000712800000|
| 297|0x0000000712900000, 0x0000000712900000, 0x0000000712a00000|  0%| F|  |TS  0|AC  0|TAMS 0x0000000712900000, 0x0000000712900000|
| 298|0x0000000712a00000, 0x0000000712a00000, 0x0000000712b00000|  0%| F|  |TS  0|AC  0|TAMS 0x0000000712a00000, 0x0000000712a00000|
| 299|0x0000000712b00000, 0x0000000712b00000, 0x0000000712c00000|  0%| F|  |TS  0|AC  0|TAMS 0x0000000712b00000, 0x0000000712b00000|
| 300|0x0000000712c00000, 0x0000000712c00000, 0x0000000712d00000|  0%| F|  |TS  0|AC  0|TAMS 0x0000000712c00000, 0x0000000712c00000|
| 301|0x0000000712d00000, 0x0000000712d00000, 0x0000000712e00000|  0%| F|  |TS  0|AC  0|TAMS 0x0000000712d00000, 0x0000000712d00000|
| 302|0x0000000712e00000, 0x0000000712e00000, 0x0000000712f00000|  0%| F|  |TS  0|AC  0|TAMS 0x0000000712e00000, 0x0000000712e00000|
| 303|0x0000000712f00000, 0x0000000712f00000, 0x0000000713000000|  0%| F|  |TS  0|AC  0|TAMS 0x0000000712f00000, 0x0000000712f00000|
| 304|0x0000000713000000, 0x0000000713000000, 0x0000000713100000|  0%| F|  |TS 11|AC  0|TAMS 0x0000000713000000, 0x0000000713000000|
| 305|0x0000000713100000, 0x000000071317d1d0, 0x0000000713200000| 48%| S|CS|TS 11|AC  0|TAMS 0x0000000713100000, 0x0000000713100000|
| 306|0x0000000713200000, 0x0000000713200000, 0x0000000713300000|  0%| F|  |TS 11|AC  0|TAMS 0x0000000713200000, 0x0000000713200000|
| 307|0x0000000713300000, 0x0000000713300000, 0x0000000713400000|  0%| F|  |TS 11|AC  0|TAMS 0x0000000713300000, 0x0000000713300000|
| 308|0x0000000713400000, 0x0000000713400000, 0x0000000713500000|  0%| F|  |TS 11|AC  0|TAMS 0x0000000713400000, 0x0000000713400000|
| 309|0x0000000713500000, 0x0000000713500000, 0x0000000713600000|  0%| F|  |TS 11|AC  0|TAMS 0x0000000713500000, 0x0000000713500000|
| 310|0x0000000713600000, 0x0000000713600000, 0x0000000713700000|  0%| F|  |TS 11|AC  0|TAMS 0x0000000713600000, 0x0000000713600000|
| 311|0x0000000713700000, 0x0000000713700000, 0x0000000713800000|  0%| F|  |TS 11|AC  0|TAMS 0x0000000713700000, 0x0000000713700000|
| 312|0x0000000713800000, 0x0000000713812650, 0x0000000713900000|  7%| E|  |TS 11|AC  0|TAMS 0x0000000713800000, 0x0000000713800000|
| 313|0x0000000713900000, 0x0000000713a00000, 0x0000000713a00000|100%| E|CS|TS 11|AC  0|TAMS 0x0000000713900000, 0x0000000713900000|
| 314|0x0000000713a00000, 0x0000000713b00000, 0x0000000713b00000|100%| E|CS|TS 11|AC  0|TAMS 0x0000000713a00000, 0x0000000713a00000|
| 315|0x0000000713b00000, 0x0000000713c00000, 0x0000000713c00000|100%| E|CS|TS 11|AC  0|TAMS 0x0000000713b00000, 0x0000000713b00000|
| 316|0x0000000713c00000, 0x0000000713d00000, 0x0000000713d00000|100%| E|CS|TS 11|AC  0|TAMS 0x0000000713c00000, 0x0000000713c00000|
| 317|0x0000000713d00000, 0x0000000713e00000, 0x0000000713e00000|100%| E|CS|TS 11|AC  0|TAMS 0x0000000713d00000, 0x0000000713d00000|
| 318|0x0000000713e00000, 0x0000000713f00000, 0x0000000713f00000|100%| E|CS|TS 11|AC  0|TAMS 0x0000000713e00000, 0x0000000713e00000|
| 319|0x0000000713f00000, 0x0000000714000000, 0x0000000714000000|100%| E|CS|TS 11|AC  0|TAMS 0x0000000713f00000, 0x0000000713f00000|
| 320|0x0000000714000000, 0x0000000714100000, 0x0000000714100000|100%| E|CS|TS 11|AC  0|TAMS 0x0000000714000000, 0x0000000714000000|
| 321|0x0000000714100000, 0x0000000714200000, 0x0000000714200000|100%| E|CS|TS 11|AC  0|TAMS 0x0000000714100000, 0x0000000714100000|
| 322|0x0000000714200000, 0x0000000714300000, 0x0000000714300000|100%| E|CS|TS 11|AC  0|TAMS 0x0000000714200000, 0x0000000714200000|
| 323|0x0000000714300000, 0x0000000714400000, 0x0000000714400000|100%| E|CS|TS 11|AC  0|TAMS 0x0000000714300000, 0x0000000714300000|
| 324|0x0000000714400000, 0x0000000714500000, 0x0000000714500000|100%| E|CS|TS 11|AC  0|TAMS 0x0000000714400000, 0x0000000714400000|
| 325|0x0000000714500000, 0x0000000714600000, 0x0000000714600000|100%| E|CS|TS 11|AC  0|TAMS 0x0000000714500000, 0x0000000714500000|
| 326|0x0000000714600000, 0x0000000714700000, 0x0000000714700000|100%| E|CS|TS 11|AC  0|TAMS 0x0000000714600000, 0x0000000714600000|
| 327|0x0000000714700000, 0x0000000714800000, 0x0000000714800000|100%| E|CS|TS 11|AC  0|TAMS 0x0000000714700000, 0x0000000714700000|
| 328|0x0000000714800000, 0x0000000714900000, 0x0000000714900000|100%| E|CS|TS 11|AC  0|TAMS 0x0000000714800000, 0x0000000714800000|
| 329|0x0000000714900000, 0x0000000714a00000, 0x0000000714a00000|100%| E|CS|TS 11|AC  0|TAMS 0x0000000714900000, 0x0000000714900000|
| 330|0x0000000714a00000, 0x0000000714b00000, 0x0000000714b00000|100%| E|CS|TS 11|AC  0|TAMS 0x0000000714a00000, 0x0000000714a00000|
| 331|0x0000000714b00000, 0x0000000714c00000, 0x0000000714c00000|100%| E|CS|TS 11|AC  0|TAMS 0x0000000714b00000, 0x0000000714b00000|
| 332|0x0000000714c00000, 0x0000000714d00000, 0x0000000714d00000|100%| E|CS|TS 11|AC  0|TAMS 0x0000000714c00000, 0x0000000714c00000|
| 333|0x0000000714d00000, 0x0000000714e00000, 0x0000000714e00000|100%| E|CS|TS 11|AC  0|TAMS 0x0000000714d00000, 0x0000000714d00000|
| 334|0x0000000714e00000, 0x0000000714f00000, 0x0000000714f00000|100%| E|CS|TS 11|AC  0|TAMS 0x0000000714e00000, 0x0000000714e00000|
| 335|0x0000000714f00000, 0x0000000715000000, 0x0000000715000000|100%| E|CS|TS 11|AC  0|TAMS 0x0000000714f00000, 0x0000000714f00000|
| 336|0x0000000715000000, 0x0000000715100000, 0x0000000715100000|100%| E|CS|TS 11|AC  0|TAMS 0x0000000715000000, 0x0000000715000000|
| 337|0x0000000715100000, 0x0000000715200000, 0x0000000715200000|100%| E|CS|TS 11|AC  0|TAMS 0x0000000715100000, 0x0000000715100000|
| 338|0x0000000715200000, 0x0000000715300000, 0x0000000715300000|100%| E|CS|TS 11|AC  0|TAMS 0x0000000715200000, 0x0000000715200000|
| 339|0x0000000715300000, 0x0000000715400000, 0x0000000715400000|100%| E|CS|TS 11|AC  0|TAMS 0x0000000715300000, 0x0000000715300000|
| 340|0x0000000715400000, 0x0000000715500000, 0x0000000715500000|100%| E|CS|TS 11|AC  0|TAMS 0x0000000715400000, 0x0000000715400000|
| 341|0x0000000715500000, 0x0000000715600000, 0x0000000715600000|100%| E|CS|TS 11|AC  0|TAMS 0x0000000715500000, 0x0000000715500000|
| 342|0x0000000715600000, 0x0000000715700000, 0x0000000715700000|100%| E|CS|TS 11|AC  0|TAMS 0x0000000715600000, 0x0000000715600000|
| 343|0x0000000715700000, 0x0000000715800000, 0x0000000715800000|100%| E|CS|TS 11|AC  0|TAMS 0x0000000715700000, 0x0000000715700000|
| 344|0x0000000715800000, 0x0000000715900000, 0x0000000715900000|100%| E|CS|TS 11|AC  0|TAMS 0x0000000715800000, 0x0000000715800000|
| 345|0x0000000715900000, 0x0000000715a00000, 0x0000000715a00000|100%| E|CS|TS 11|AC  0|TAMS 0x0000000715900000, 0x0000000715900000|
| 346|0x0000000715a00000, 0x0000000715b00000, 0x0000000715b00000|100%| E|CS|TS 11|AC  0|TAMS 0x0000000715a00000, 0x0000000715a00000|
| 347|0x0000000715b00000, 0x0000000715c00000, 0x0000000715c00000|100%| E|CS|TS 11|AC  0|TAMS 0x0000000715b00000, 0x0000000715b00000|
| 348|0x0000000715c00000, 0x0000000715d00000, 0x0000000715d00000|100%| E|CS|TS 11|AC  0|TAMS 0x0000000715c00000, 0x0000000715c00000|
| 349|0x0000000715d00000, 0x0000000715e00000, 0x0000000715e00000|100%| E|CS|TS 11|AC  0|TAMS 0x0000000715d00000, 0x0000000715d00000|
| 350|0x0000000715e00000, 0x0000000715f00000, 0x0000000715f00000|100%| E|CS|TS 11|AC  0|TAMS 0x0000000715e00000, 0x0000000715e00000|
| 351|0x0000000715f00000, 0x0000000716000000, 0x0000000716000000|100%| E|CS|TS 11|AC  0|TAMS 0x0000000715f00000, 0x0000000715f00000|
| 352|0x0000000716000000, 0x0000000716100000, 0x0000000716100000|100%| E|CS|TS 11|AC  0|TAMS 0x0000000716000000, 0x0000000716000000|
| 353|0x0000000716100000, 0x0000000716200000, 0x0000000716200000|100%| E|CS|TS 11|AC  0|TAMS 0x0000000716100000, 0x0000000716100000|
| 354|0x0000000716200000, 0x0000000716300000, 0x0000000716300000|100%| E|CS|TS 11|AC  0|TAMS 0x0000000716200000, 0x0000000716200000|
| 355|0x0000000716300000, 0x0000000716400000, 0x0000000716400000|100%| E|CS|TS 11|AC  0|TAMS 0x0000000716300000, 0x0000000716300000|
| 356|0x0000000716400000, 0x0000000716500000, 0x0000000716500000|100%| E|CS|TS 11|AC  0|TAMS 0x0000000716400000, 0x0000000716400000|
| 357|0x0000000716500000, 0x0000000716600000, 0x0000000716600000|100%| E|CS|TS 11|AC  0|TAMS 0x0000000716500000, 0x0000000716500000|
| 358|0x0000000716600000, 0x0000000716700000, 0x0000000716700000|100%| E|CS|TS 11|AC  0|TAMS 0x0000000716600000, 0x0000000716600000|
| 359|0x0000000716700000, 0x0000000716800000, 0x0000000716800000|100%| E|CS|TS 11|AC  0|TAMS 0x0000000716700000, 0x0000000716700000|
| 360|0x0000000716800000, 0x0000000716900000, 0x0000000716900000|100%| E|CS|TS 11|AC  0|TAMS 0x0000000716800000, 0x0000000716800000|
| 361|0x0000000716900000, 0x0000000716a00000, 0x0000000716a00000|100%| E|CS|TS 11|AC  0|TAMS 0x0000000716900000, 0x0000000716900000|
| 362|0x0000000716a00000, 0x0000000716b00000, 0x0000000716b00000|100%| E|CS|TS 11|AC  0|TAMS 0x0000000716a00000, 0x0000000716a00000|
| 363|0x0000000716b00000, 0x0000000716c00000, 0x0000000716c00000|100%| E|CS|TS 11|AC  0|TAMS 0x0000000716b00000, 0x0000000716b00000|
| 364|0x0000000716c00000, 0x0000000716d00000, 0x0000000716d00000|100%| E|CS|TS 11|AC  0|TAMS 0x0000000716c00000, 0x0000000716c00000|

Card table byte_map: [0x00000224ac0c0000,0x00000224ac6c0000] byte_map_base: 0x00000224a88c0000

Marking Bits (Prev, Next): (CMBitMap*) 0x00000224aa8d5788, (CMBitMap*) 0x00000224aa8d5750
 Prev Bits: [0x00000224c9be0000, 0x00000224ccbe0000)
 Next Bits: [0x00000224c6be0000, 0x00000224c9be0000)

Polling page: 0x00000224a3320000

CodeHeap 'non-profiled nmethods': size=120000Kb used=28288Kb max_used=28288Kb free=91711Kb
 bounds [0x00000224bf6b0000, 0x00000224c1260000, 0x00000224c6be0000]
CodeHeap 'profiled nmethods': size=120000Kb used=42563Kb max_used=47679Kb free=77436Kb
 bounds [0x00000224b8180000, 0x00000224bb130000, 0x00000224bf6b0000]
CodeHeap 'non-nmethods': size=5760Kb used=1814Kb max_used=1869Kb free=3945Kb
 bounds [0x00000224b7be0000, 0x00000224b7e50000, 0x00000224b8180000]
 total_blobs=38942 nmethods=19310 adapters=1163
 compilation: enabled

Compilation events (10 events):
Event: 4002.437 Thread 0x00000224ab471000 25986       1       com.jidesoft.plaf.xerto.XertoSidePaneUI::isRoundedCorner (2 bytes)
Event: 4002.437 Thread 0x00000224ab471000 nmethod 25986 0x00000224c1244990 code [0x00000224c1244b40, 0x00000224c1244c58]
Event: 4002.583 Thread 0x00000224ab46d800 25987       4       sun.awt.geom.AreaOp::addEdges (52 bytes)
Event: 4002.583 Thread 0x00000224ab46e000 25988       4       sun.awt.geom.AreaOp::pruneEdges (987 bytes)
Event: 4002.595 Thread 0x00000224ab46d800 nmethod 25987 0x00000224c1244d10 code [0x00000224c1244ee0, 0x00000224c1245c98]
Event: 4002.785 Thread 0x00000224ab46e000 nmethod 25988 0x00000224c1246410 code [0x00000224c12468a0, 0x00000224c124f210]
Event: 4002.800 Thread 0x00000224ab471000 25989       3       java.awt.event.MouseEvent::getLocationOnScreen (16 bytes)
Event: 4002.801 Thread 0x00000224ab471000 nmethod 25989 0x00000224b9556710 code [0x00000224b95568e0, 0x00000224b9556bb8]
Event: 4002.863 Thread 0x00000224ab46f800 25990       4       sun.awt.geom.AreaOp$1::compare (13 bytes)
Event: 4002.865 Thread 0x00000224ab46f800 nmethod 25990 0x00000224c1253c90 code [0x00000224c1253e60, 0x00000224c1254078]

GC Heap History (10 events):
Event: 3992.966 GC heap before
{Heap before GC invocations=1226 (full 233):
 garbage-first heap   total 373760K, used 172934K [0x0000000700000000, 0x0000000700100b68, 0x00000007c0000000)
  region size 1024K, 60 young (61440K), 1 survivors (1024K)
 Metaspace       used 86020K, capacity 88005K, committed 96080K, reserved 1132544K
  class space    used 11090K, capacity 11499K, committed 13180K, reserved 1048576K
}
Event: 3992.969 GC heap after
{Heap after GC invocations=1227 (full 233):
 garbage-first heap   total 373760K, used 112606K [0x0000000700000000, 0x0000000700100b68, 0x00000007c0000000)
  region size 1024K, 1 young (1024K), 1 survivors (1024K)
 Metaspace       used 86020K, capacity 88005K, committed 96080K, reserved 1132544K
  class space    used 11090K, capacity 11499K, committed 13180K, reserved 1048576K
}
Event: 3999.259 GC heap before
{Heap before GC invocations=1227 (full 233):
 garbage-first heap   total 373760K, used 173022K [0x0000000700000000, 0x0000000700100b68, 0x00000007c0000000)
  region size 1024K, 60 young (61440K), 1 survivors (1024K)
 Metaspace       used 86026K, capacity 88005K, committed 96080K, reserved 1132544K
  class space    used 11090K, capacity 11499K, committed 13180K, reserved 1048576K
}
Event: 3999.262 GC heap after
{Heap after GC invocations=1228 (full 233):
 garbage-first heap   total 373760K, used 112921K [0x0000000700000000, 0x0000000700100b68, 0x00000007c0000000)
  region size 1024K, 1 young (1024K), 1 survivors (1024K)
 Metaspace       used 86026K, capacity 88005K, committed 96080K, reserved 1132544K
  class space    used 11090K, capacity 11499K, committed 13180K, reserved 1048576K
}
Event: 4001.046 GC heap before
{Heap before GC invocations=1228 (full 233):
 garbage-first heap   total 373760K, used 173337K [0x0000000700000000, 0x0000000700100b68, 0x00000007c0000000)
  region size 1024K, 60 young (61440K), 1 survivors (1024K)
 Metaspace       used 86026K, capacity 88005K, committed 96080K, reserved 1132544K
  class space    used 11090K, capacity 11499K, committed 13180K, reserved 1048576K
}
Event: 4001.049 GC heap after
{Heap after GC invocations=1229 (full 233):
 garbage-first heap   total 373760K, used 112707K [0x0000000700000000, 0x0000000700100b68, 0x00000007c0000000)
  region size 1024K, 1 young (1024K), 1 survivors (1024K)
 Metaspace       used 86026K, capacity 88005K, committed 96080K, reserved 1132544K
  class space    used 11090K, capacity 11499K, committed 13180K, reserved 1048576K
}
Event: 4001.663 GC heap before
{Heap before GC invocations=1229 (full 233):
 garbage-first heap   total 373760K, used 173123K [0x0000000700000000, 0x0000000700100b68, 0x00000007c0000000)
  region size 1024K, 60 young (61440K), 1 survivors (1024K)
 Metaspace       used 86026K, capacity 88005K, committed 96080K, reserved 1132544K
  class space    used 11090K, capacity 11499K, committed 13180K, reserved 1048576K
}
Event: 4001.665 GC heap after
{Heap after GC invocations=1230 (full 233):
 garbage-first heap   total 373760K, used 112540K [0x0000000700000000, 0x0000000700100b68, 0x00000007c0000000)
  region size 1024K, 1 young (1024K), 1 survivors (1024K)
 Metaspace       used 86026K, capacity 88005K, committed 96080K, reserved 1132544K
  class space    used 11090K, capacity 11499K, committed 13180K, reserved 1048576K
}
Event: 4002.392 GC heap before
{Heap before GC invocations=1230 (full 233):
 garbage-first heap   total 373760K, used 172956K [0x0000000700000000, 0x0000000700100b68, 0x00000007c0000000)
  region size 1024K, 60 young (61440K), 1 survivors (1024K)
 Metaspace       used 86037K, capacity 88005K, committed 96080K, reserved 1132544K
  class space    used 11091K, capacity 11499K, committed 13180K, reserved 1048576K
}
Event: 4002.394 GC heap after
{Heap after GC invocations=1231 (full 233):
 garbage-first heap   total 373760K, used 112573K [0x0000000700000000, 0x0000000700100b68, 0x00000007c0000000)
  region size 1024K, 1 young (1024K), 1 survivors (1024K)
 Metaspace       used 86037K, capacity 88005K, committed 96080K, reserved 1132544K
  class space    used 11091K, capacity 11499K, committed 13180K, reserved 1048576K
}

Deoptimization events (10 events):
Event: 4002.322 Thread 0x00000224d237a800 Uncommon trap: reason=unstable_if action=reinterpret pc=0x00000224c0c8cc2c method=java.awt.geom.AreaIterator.currentSegment([D)I @ 97 c2
Event: 4002.322 Thread 0x00000224d237a800 Uncommon trap: reason=class_check action=maybe_recompile pc=0x00000224c0c959f4 method=java.awt.geom.AreaIterator.next()V @ 59 c2
Event: 4002.322 Thread 0x00000224d237a800 Uncommon trap: reason=bimorphic_or_optimized_type_check action=maybe_recompile pc=0x00000224c0c95924 method=java.awt.geom.AreaIterator.next()V @ 79 c2
Event: 4002.397 Thread 0x00000224d237a800 Uncommon trap: reason=bimorphic_or_optimized_type_check action=maybe_recompile pc=0x00000224c0b4ebc4 method=sun.awt.geom.AreaOp.addEdges(Ljava/util/Vector;Ljava/util/Vector;I)V @ 27 c2
Event: 4002.397 Thread 0x00000224d237a800 Uncommon trap: reason=class_check action=maybe_recompile pc=0x00000224c045a3b8 method=sun.awt.geom.AreaOp.pruneEdges(Ljava/util/Vector;)Ljava/util/Vector; @ 225 c2
Event: 4002.397 Thread 0x00000224d237a800 Uncommon trap: reason=bimorphic_or_optimized_type_check action=maybe_recompile pc=0x00000224c0b4ebc4 method=sun.awt.geom.AreaOp.addEdges(Ljava/util/Vector;Ljava/util/Vector;I)V @ 27 c2
Event: 4002.398 Thread 0x00000224d237a800 Uncommon trap: reason=class_check action=maybe_recompile pc=0x00000224c045a3b8 method=sun.awt.geom.AreaOp.pruneEdges(Ljava/util/Vector;)Ljava/util/Vector; @ 225 c2
Event: 4002.398 Thread 0x00000224d237a800 Uncommon trap: reason=bimorphic_or_optimized_type_check action=maybe_recompile pc=0x00000224c11c1284 method=sun.java2d.SunGraphics2D.validateCompClip()V @ 69 c2
Event: 4002.398 Thread 0x00000224d237a800 Uncommon trap: reason=class_check action=maybe_recompile pc=0x00000224c0c959f4 method=java.awt.geom.AreaIterator.next()V @ 59 c2
Event: 4002.398 Thread 0x00000224d237a800 Uncommon trap: reason=bimorphic_or_optimized_type_check action=maybe_recompile pc=0x00000224c0c95924 method=java.awt.geom.AreaIterator.next()V @ 79 c2

Classes redefined (0 events):
No events

Internal exceptions (10 events):
Event: 3330.490 Thread 0x00000224d237a800 Exception <a 'java/lang/NoSuchMethodError'{0x0000000715f8cdf8}: java.lang.invoke.DelegatingMethodHandle$Holder.reinvoke_L(Ljava/lang/Object;IILjava/lang/Object;Ljava/lang/Object;I)Ljava/lang/Object;> (0x0000000715f8cdf8) thrown at [t:/workspace/hotspot/sr
Event: 3543.061 Thread 0x00000224d237a800 Exception <a 'sun/nio/fs/WindowsException'{0x0000000713525388}> (0x0000000713525388) thrown at [t:/workspace/hotspot/src/share/vm/prims/jni.cpp, line 604]
Event: 3543.061 Thread 0x00000224d237a800 Exception <a 'sun/nio/fs/WindowsException'{0x00000007135256b8}> (0x00000007135256b8) thrown at [t:/workspace/hotspot/src/share/vm/prims/jni.cpp, line 604]
Event: 3543.548 Thread 0x00000224d237a800 Exception <a 'sun/nio/fs/WindowsException'{0x0000000715a02360}> (0x0000000715a02360) thrown at [t:/workspace/hotspot/src/share/vm/prims/jni.cpp, line 604]
Event: 3543.549 Thread 0x00000224d237a800 Exception <a 'sun/nio/fs/WindowsException'{0x0000000715a02690}> (0x0000000715a02690) thrown at [t:/workspace/hotspot/src/share/vm/prims/jni.cpp, line 604]
Event: 3651.709 Thread 0x00000224d237a800 Implicit null exception at 0x00000224bfa6018d to 0x00000224bfa610c1
Event: 3781.709 Thread 0x00000224d237a800 Implicit null exception at 0x00000224bfc2c5f3 to 0x00000224bfc2e059
Event: 3785.340 Thread 0x00000224d237a800 Exception <a 'sun/nio/fs/WindowsException'{0x0000000713086290}> (0x0000000713086290) thrown at [t:/workspace/hotspot/src/share/vm/prims/jni.cpp, line 604]
Event: 3785.340 Thread 0x00000224d237a800 Exception <a 'sun/nio/fs/WindowsException'{0x00000007130865c0}> (0x00000007130865c0) thrown at [t:/workspace/hotspot/src/share/vm/prims/jni.cpp, line 604]
Event: 3870.793 Thread 0x00000224d237a800 Implicit null exception at 0x00000224c049b47d to 0x00000224c049bdf4

Events (10 events):
Event: 4002.801 Executing VM operation: BulkRevokeBias done
Event: 4002.969 Thread 0x00000224e23ff000 Thread added: 0x00000224e23ff000
Event: 4002.975 Executing VM operation: RevokeBias
Event: 4002.975 Executing VM operation: RevokeBias done
Event: 4002.976 Executing VM operation: RevokeBias
Event: 4002.976 Executing VM operation: RevokeBias done
Event: 4003.002 Executing VM operation: BulkRevokeBias
Event: 4003.002 Executing VM operation: BulkRevokeBias done
Event: 4003.067 Thread 0x00000224e23fc800 Thread added: 0x00000224e23fc800
Event: 4003.070 Thread 0x00000224e23fc800 Thread exited: 0x00000224e23fc800


Dynamic libraries:
0x00007ff688c40000 - 0x00007ff688c70000 	D:\Xilinx\Vivado\2019.2\bin\unwrapped\win64.o\vivado.exe
0x00007ff994bc0000 - 0x00007ff994db0000 	C:\WINDOWS\SYSTEM32\ntdll.dll
0x00007ff994480000 - 0x00007ff994532000 	C:\WINDOWS\System32\KERNEL32.DLL
0x00007ff992840000 - 0x00007ff992ae5000 	C:\WINDOWS\System32\KERNELBASE.dll
0x00007ff992b40000 - 0x00007ff992c3a000 	C:\WINDOWS\System32\ucrtbase.dll
0x00007ff97a800000 - 0x00007ff97a891000 	C:\WINDOWS\SYSTEM32\MSVCP140.dll
0x00007ff97e0f0000 - 0x00007ff97e106000 	D:\Xilinx\Vivado\2019.2\lib\win64.o\librdi_commonmain.dll
0x00007ff95c110000 - 0x00007ff95c124000 	D:\Xilinx\Vivado\2019.2\lib\win64.o\libboost_signals.dll
0x00007ff915920000 - 0x00007ff916863000 	D:\Xilinx\Vivado\2019.2\lib\win64.o\librdi_common.dll
0x00007ff97a8a0000 - 0x00007ff97a8b9000 	C:\WINDOWS\SYSTEM32\VCRUNTIME140.dll
0x00007ff9945f0000 - 0x00007ff994784000 	C:\WINDOWS\System32\USER32.dll
0x00007ff97a290000 - 0x00007ff97a29c000 	C:\WINDOWS\SYSTEM32\VCRUNTIME140_1.dll
0x00007ff992c40000 - 0x00007ff992c61000 	C:\WINDOWS\System32\win32u.dll
0x00007ff993190000 - 0x00007ff9931b6000 	C:\WINDOWS\System32\GDI32.dll
0x00007ff953fe0000 - 0x00007ff954006000 	D:\Xilinx\Vivado\2019.2\lib\win64.o\libboost_filesystem.dll
0x00007ff9941c0000 - 0x00007ff994263000 	C:\WINDOWS\System32\ADVAPI32.dll
0x00007ff991b30000 - 0x00007ff991cc6000 	C:\WINDOWS\System32\gdi32full.dll
0x00007ff9891e0000 - 0x00007ff9891ea000 	D:\Xilinx\Vivado\2019.2\lib\win64.o\librdi_commonversion.dll
0x00007ff993ad0000 - 0x00007ff993b6e000 	C:\WINDOWS\System32\msvcrt.dll
0x00007ff992690000 - 0x00007ff99272e000 	C:\WINDOWS\System32\msvcp_win.dll
0x00007ff926c70000 - 0x00007ff926e11000 	D:\Xilinx\Vivado\2019.2\lib\win64.o\librdi_commonxillic.dll
0x00007ff994540000 - 0x00007ff9945d7000 	C:\WINDOWS\System32\sechost.dll
0x00007ff993a60000 - 0x00007ff993acf000 	C:\WINDOWS\System32\WS2_32.dll
0x00007ff9949b0000 - 0x00007ff994ad0000 	C:\WINDOWS\System32\RPCRT4.dll
0x00007ff9931c0000 - 0x00007ff9938a7000 	C:\WINDOWS\System32\SHELL32.dll
0x00007ff991cd0000 - 0x00007ff991cf6000 	C:\WINDOWS\System32\bcrypt.dll
0x0000000056850000 - 0x000000005697b000 	D:\Xilinx\Vivado\2019.2\lib\win64.o\tcl85t.dll
0x00007ff992af0000 - 0x00007ff992b3a000 	C:\WINDOWS\System32\cfgmgr32.dll
0x00007ff994ad0000 - 0x00007ff994b79000 	C:\WINDOWS\System32\shcore.dll
0x00007ff953fc0000 - 0x00007ff953fd4000 	D:\Xilinx\Vivado\2019.2\lib\win64.o\libboost_date_time.dll
0x00007ff918050000 - 0x00007ff9183be000 	D:\Xilinx\Vivado\2019.2\lib\win64.o\libCOIN-all.dll
0x00007ff992e50000 - 0x00007ff993186000 	C:\WINDOWS\System32\combase.dll
0x00007ff991d20000 - 0x00007ff991da1000 	C:\WINDOWS\System32\bcryptPrimitives.dll
0x00007ff9453a0000 - 0x00007ff94541f000 	D:\Xilinx\Vivado\2019.2\lib\win64.o\libboost_program_options.dll
0x00007ff991db0000 - 0x00007ff992531000 	C:\WINDOWS\System32\windows.storage.dll
0x00007ff944f00000 - 0x00007ff945014000 	D:\Xilinx\Vivado\2019.2\lib\win64.o\libboost_regex.dll
0x00007ff986950000 - 0x00007ff98695b000 	D:\Xilinx\Vivado\2019.2\lib\win64.o\libboost_system.dll
0x00007ff991a90000 - 0x00007ff991ab3000 	C:\WINDOWS\System32\profapi.dll
0x00007ff991ac0000 - 0x00007ff991b0a000 	C:\WINDOWS\System32\powrprof.dll
0x00007ff947e10000 - 0x00007ff947e31000 	D:\Xilinx\Vivado\2019.2\lib\win64.o\libboost_thread.dll
0x00007ff991a60000 - 0x00007ff991a70000 	C:\WINDOWS\System32\UMPDC.dll
0x00007ff97e0e0000 - 0x00007ff97e0ef000 	D:\Xilinx\Vivado\2019.2\lib\win64.o\libboost_xilinx.dll
0x00007ff9448a0000 - 0x00007ff944922000 	D:\Xilinx\Vivado\2019.2\lib\win64.o\libhdlpsolve.dll
0x00007ff9947f0000 - 0x00007ff994842000 	C:\WINDOWS\System32\shlwapi.dll
0x00007ff991a70000 - 0x00007ff991a81000 	C:\WINDOWS\System32\kernel.appcore.dll
0x00007ff9447f0000 - 0x00007ff944895000 	D:\Xilinx\Vivado\2019.2\lib\win64.o\libhdxml.dll
0x00007ff991d00000 - 0x00007ff991d17000 	C:\WINDOWS\System32\cryptsp.dll
0x00007ff946940000 - 0x00007ff94696e000 	D:\Xilinx\Vivado\2019.2\lib\win64.o\libisl_sysinfo.dll
0x00007ff914d20000 - 0x00007ff91591c200 	D:\Xilinx\Vivado\2019.2\lib\win64.o\libisl_iostreams.dll
0x00007ff926c00000 - 0x00007ff926c65000 	D:\Xilinx\Vivado\2019.2\lib\win64.o\liblmx6.0.dll
0x00007ff950d40000 - 0x00007ff950d5a000 	D:\Xilinx\Vivado\2019.2\lib\win64.o\pthreadVC2.dll
0x00007ff949e50000 - 0x00007ff949e6c000 	D:\Xilinx\Vivado\2019.2\lib\win64.o\librdiconfig.dll
0x00007ff946910000 - 0x00007ff946931000 	D:\Xilinx\Vivado\2019.2\lib\win64.o\librdizlib.dll
0x0000000012000000 - 0x0000000012270000 	D:\Xilinx\Vivado\2019.2\lib\win64.o\xerces-c_3_1.dll
0x00007ff917d70000 - 0x00007ff91804b000 	D:\Xilinx\Vivado\2019.2\lib\win64.o\libXil_lmgr11.dll
0x00007ff994270000 - 0x00007ff994340000 	C:\WINDOWS\System32\COMDLG32.dll
0x00007ff976b70000 - 0x00007ff976b87000 	C:\WINDOWS\SYSTEM32\NETAPI32.dll
0x00007ff992cd0000 - 0x00007ff992d95000 	C:\WINDOWS\System32\OLEAUT32.dll
0x00007ff978a60000 - 0x00007ff978f35000 	C:\WINDOWS\SYSTEM32\WININET.dll
0x00007ff993b70000 - 0x00007ff993cc7000 	C:\WINDOWS\System32\ole32.dll
0x00007ff987e50000 - 0x00007ff987f40000 	C:\WINDOWS\SYSTEM32\WINHTTP.dll
0x00007ff97d070000 - 0x00007ff97d246000 	C:\WINDOWS\SYSTEM32\urlmon.dll
0x00007ff992730000 - 0x00007ff99278c000 	C:\WINDOWS\System32\WINTRUST.dll
0x00007ff991b10000 - 0x00007ff991b22000 	C:\WINDOWS\System32\MSASN1.dll
0x00007ff992540000 - 0x00007ff992689000 	C:\WINDOWS\System32\CRYPT32.dll
0x00007ff95fdb0000 - 0x00007ff95fdbd000 	D:\Xilinx\Vivado\2019.2\lib\win64.o\libboost_chrono.dll
0x00007ff972fa0000 - 0x00007ff972fa9000 	C:\WINDOWS\SYSTEM32\WSOCK32.dll
0x00007ff9460f0000 - 0x00007ff94611d000 	C:\WINDOWS\SYSTEM32\VCOMP140.DLL
0x00007ff9462e0000 - 0x00007ff9462fb000 	D:\Xilinx\Vivado\2019.2\lib\win64.o\libboost_iostreams.dll
0x00007ff8fcf70000 - 0x00007ff8fde01000 	D:\Xilinx\Vivado\2019.2\lib\win64.o\gurobi65.dll
0x00007ff945370000 - 0x00007ff945395000 	D:\Xilinx\Vivado\2019.2\lib\win64.o\libisl_iosutils.dll
0x00007ff97d720000 - 0x00007ff97d7c9000 	C:\WINDOWS\WinSxS\amd64_microsoft.windows.common-controls_6595b64144ccf1df_5.82.18362.1256_none_73b4ccbed8148ea3\COMCTL32.dll
0x00007ff97cdc0000 - 0x00007ff97d067000 	C:\WINDOWS\SYSTEM32\iertutil.dll
0x00007ff989e80000 - 0x00007ff989e9c000 	C:\WINDOWS\SYSTEM32\dhcpcsvc.DLL
0x00007ff992c90000 - 0x00007ff992c98000 	C:\WINDOWS\System32\NSI.dll
0x00007ff991480000 - 0x00007ff99148c000 	C:\WINDOWS\SYSTEM32\CRYPTBASE.DLL
0x00007ff9910d0000 - 0x00007ff9910dc000 	C:\WINDOWS\SYSTEM32\NETUTILS.DLL
0x00007ff992ca0000 - 0x00007ff992cce000 	C:\WINDOWS\System32\IMM32.DLL
0x00007ff914800000 - 0x00007ff914d17000 	D:\Xilinx\Vivado\2019.2\lib\win64.o\librdi_commontasks.dll
0x00007ff987c20000 - 0x00007ff987c2a000 	C:\WINDOWS\SYSTEM32\VERSION.dll
0x00007ff917a80000 - 0x00007ff917d63000 	D:\Xilinx\Vivado\2019.2\lib\win64.o\librdi_sio.dll
0x0000000054f70000 - 0x0000000055995000 	D:\Xilinx\Vivado\2019.2\tps\win64\jre9.0.4\bin\server\jvm.dll
0x00007ff9948b0000 - 0x00007ff9948b8000 	C:\WINDOWS\System32\PSAPI.DLL
0x00007ff990fc0000 - 0x00007ff990ffa000 	C:\WINDOWS\SYSTEM32\IPHLPAPI.DLL
0x00007ff98dc40000 - 0x00007ff98dc64000 	C:\WINDOWS\SYSTEM32\WINMM.dll
0x00007ff973f80000 - 0x00007ff97406f000 	C:\WINDOWS\SYSTEM32\MSVCR120.dll
0x00007ff98d450000 - 0x00007ff98d47d000 	C:\WINDOWS\SYSTEM32\WINMMBASE.dll
0x00007ff9912b0000 - 0x00007ff991317000 	C:\WINDOWS\SYSTEM32\MSWSOCK.DLL
0x00007ff8fa820000 - 0x00007ff8fcf65000 	D:\Xilinx\Vivado\2019.2\lib\win64.o\librdi_tcltasks.dll
0x00007ff91e9b0000 - 0x00007ff91ea2b000 	D:\Xilinx\Vivado\2019.2\lib\win64.o\librdi_boarddep.dll
0x00007ff914660000 - 0x00007ff9147fd000 	D:\Xilinx\Vivado\2019.2\lib\win64.o\librdi_board.dll
0x00007ff9170c0000 - 0x00007ff917574000 	D:\Xilinx\Vivado\2019.2\lib\win64.o\librdi_bitstream.dll
0x00007ff917760000 - 0x00007ff9178b2000 	D:\Xilinx\Vivado\2019.2\lib\win64.o\librdi_cd_client.dll
0x00007ff918a10000 - 0x00007ff918aff000 	D:\Xilinx\Vivado\2019.2\lib\win64.o\librdi_chipscope.dll
0x00007ff9144a0000 - 0x00007ff914660000 	D:\Xilinx\Vivado\2019.2\lib\win64.o\librdi_chipscopeimpl.dll
0x00007ff908b30000 - 0x00007ff908e54000 	D:\Xilinx\Vivado\2019.2\lib\win64.o\librdi_containers.dll
0x00007ff8f8d40000 - 0x00007ff8fa81a000 	D:\Xilinx\Vivado\2019.2\lib\win64.o\librdi_constraints.dll
0x00007ff902120000 - 0x00007ff9027f9000 	D:\Xilinx\Vivado\2019.2\lib\win64.o\librdi_coregenipxact.dll
0x00007ff8db3f0000 - 0x00007ff8dd3e0000 	D:\Xilinx\Vivado\2019.2\lib\win64.o\librdi_coregen.dll
0x00007ff907e60000 - 0x00007ff9081aa000 	D:\Xilinx\Vivado\2019.2\lib\win64.o\librdi_dlyest.dll
0x00007ff8d7120000 - 0x00007ff8db3eb000 	D:\Xilinx\Vivado\2019.2\lib\win64.o\librdi_designutils.dll
0x00007ff8ff1a0000 - 0x00007ff8ff76d000 	D:\Xilinx\Vivado\2019.2\lib\win64.o\librdi_drc.dll
0x00007ff918cc0000 - 0x00007ff918d84000 	D:\Xilinx\Vivado\2019.2\lib\win64.o\librdi_dsp.dll
0x00007ff914190000 - 0x00007ff9144a0000 	D:\Xilinx\Vivado\2019.2\lib\win64.o\librdi_guitools.dll
0x00007ff91e940000 - 0x00007ff91e9aa000 	D:\Xilinx\Vivado\2019.2\lib\win64.o\librdi_hdf.dll
0x00007ff8feb30000 - 0x00007ff8ff19b000 	D:\Xilinx\Vivado\2019.2\lib\win64.o\librdi_filemgmt.dll
0x00007ff90ad50000 - 0x00007ff90af70000 	D:\Xilinx\Vivado\2019.2\lib\win64.o\librdi_hip_devdesign.dll
0x00007ff912dc0000 - 0x00007ff912f08000 	D:\Xilinx\Vivado\2019.2\lib\win64.o\librdi_hip_perf_analysis.dll
0x00007ff8f1830000 - 0x00007ff8f2f9d000 	D:\Xilinx\Vivado\2019.2\lib\win64.o\librdi_implflow.dll
0x00007ff9184e0000 - 0x00007ff918554000 	D:\Xilinx\Vivado\2019.2\lib\win64.o\librdi_memoryarray.dll
0x00007ff8f7f40000 - 0x00007ff8f8571000 	D:\Xilinx\Vivado\2019.2\lib\win64.o\librdi_memdata.dll
0x00007ff938760000 - 0x00007ff9387ac000 	D:\Xilinx\Vivado\2019.2\lib\win64.o\librdi_pfi.dll
0x00007ff8f53f0000 - 0x00007ff8f5ad3000 	D:\Xilinx\Vivado\2019.2\lib\win64.o\librdi_netlist.dll
0x00007ff8d4350000 - 0x00007ff8d711b000 	D:\Xilinx\Vivado\2019.2\lib\win64.o\librdi_mig.dll
0x00007ff8bb060000 - 0x00007ff8cfc0b000 	D:\Xilinx\Vivado\2019.2\lib\win64.o\librdi_device.dll
0x00007ff902be0000 - 0x00007ff902efb000 	D:\Xilinx\Vivado\2019.2\lib\win64.o\librdi_platform.dll
0x00007ff8d1270000 - 0x00007ff8d1a7b000 	D:\Xilinx\Vivado\2019.2\lib\win64.o\librdi_power.dll
0x00007ff8d1a80000 - 0x00007ff8d4347000 	D:\Xilinx\Vivado\2019.2\lib\win64.o\librdi_place.dll
0x00007ff8d0cb0000 - 0x00007ff8d126a000 	D:\Xilinx\Vivado\2019.2\lib\win64.o\librdi_project.dll
0x00007ff8f8910000 - 0x00007ff8f8d33000 	D:\Xilinx\Vivado\2019.2\lib\win64.o\librdi_runs.dll
0x00007ff8d05e0000 - 0x00007ff8d0ca1000 	D:\Xilinx\Vivado\2019.2\lib\win64.o\librdi_rsb.dll
0x00007ff8cfea0000 - 0x00007ff8d05d3000 	D:\Xilinx\Vivado\2019.2\lib\win64.o\librdi_psta.dll
0x00007ff9129e0000 - 0x00007ff912ae8000 	D:\Xilinx\Vivado\2019.2\lib\win64.o\librdi_runsbase.dll
0x00007ff8f7cc0000 - 0x00007ff8f7f35000 	D:\Xilinx\Vivado\2019.2\lib\win64.o\librdi_simdata.dll
0x00007ff8ba1d0000 - 0x00007ff8bb05d000 	D:\Xilinx\Vivado\2019.2\lib\win64.o\librdi_timing.dll
0x00007ff8f6070000 - 0x00007ff8f6211000 	D:\Xilinx\Vivado\2019.2\lib\win64.o\librdi_advchipscopeimpl.dll
0x00007ff8fe990000 - 0x00007ff8feb30000 	D:\Xilinx\Vivado\2019.2\lib\win64.o\librdi_cd_protocol.dll
0x00007ff918490000 - 0x00007ff9184dc000 	D:\Xilinx\Vivado\2019.2\lib\win64.o\libboost_serialization.dll

VM Arguments:
jvm_args: -Dsun.java2d.pmoffscreen=false -Dsun.java2d.xrender=false -Dsun.java2d.d3d=false -Dsun.awt.nopixfmt=true -Dsun.java2d.dpiaware=true -Dsun.java2d.uiScale.enabled=false -Xverify:none -Dswing.aatext=true -XX:-UsePerfData -Djdk.map.althashing.threshold=512 -XX:StringTableSize=4072 --add-opens=java.base/java.nio=ALL-UNNAMED --add-opens=java.desktop/sun.swing=ALL-UNNAMED --add-opens=java.desktop/javax.swing=ALL-UNNAMED --add-opens=java.desktop/javax.swing.tree=ALL-UNNAMED --add-opens=java.desktop/javax.swing.plaf.basic=ALL-UNNAMED --add-opens=java.desktop/javax.swing.plaf.synth=ALL-UNNAMED --add-opens=java.desktop/com.sun.awt=ALL-UNNAMED -XX:NewSize=60m -XX:MaxNewSize=60m -Xms128m -Xmx3072m -Xss5m 
java_command: <unknown>
java_class_path (initial): D:/Xilinx/Vivado/2019.2\lib\classes\alloy.jar;D:/Xilinx/Vivado/2019.2\lib\classes\autoesl-common.jar;D:/Xilinx/Vivado/2019.2\lib\classes\autoesl-models.jar;D:/Xilinx/Vivado/2019.2\lib\classes\autoesl-report.jar;D:/Xilinx/Vivado/2019.2\lib\classes\autopilot.scelaborator.jar;D:/Xilinx/Vivado/2019.2\lib\classes\autopilot.sourceprocessor.jar;D:/Xilinx/Vivado/2019.2\lib\classes\autopilot.tbprocessor.jar;D:/Xilinx/Vivado/2019.2\lib\classes\batik-anim.jar;D:/Xilinx/Vivado/2019.2\lib\classes\batik-awt-util.jar;D:/Xilinx/Vivado/2019.2\lib\classes\batik-bridge.jar;D:/Xilinx/Vivado/2019.2\lib\classes\batik-codec.jar;D:/Xilinx/Vivado/2019.2\lib\classes\batik-css.jar;D:/Xilinx/Vivado/2019.2\lib\classes\batik-dom.jar;D:/Xilinx/Vivado/2019.2\lib\classes\batik-ext.jar;D:/Xilinx/Vivado/2019.2\lib\classes\batik-gui-util.jar;D:/Xilinx/Vivado/2019.2\lib\classes\batik-gvt.jar;D:/Xilinx/Vivado/2019.2\lib\classes\batik-parser.jar;D:/Xilinx/Vivado/2019.2\lib\classes\batik-script.jar;D:/Xilinx/Vivado/2019.2\lib\classes\batik-svg-dom.jar;D:/Xilinx/Vivado/2019.2\lib\classes\batik-swing.jar;D:/Xilinx/Vivado/2019.2\lib\classes\batik-transcoder.jar;D:/Xilinx/Vivado/2019.2\lib\classes\batik-util.jar;D:/Xilinx/Vivado/2019.2\lib\classes\batik-xml.jar;D:/Xilinx/Vivado/2019.2\lib\classes\com.google.gson_2.7.0.v20170129-0911.jar;D:/Xilinx/Vivado/2019.2\lib\classes\com.google.guava_21.0.0.v20170206-1425.jar;D:/Xilinx/Vivado/2019.2\lib\classes\com.ibm.icu_4.4.2.v20110208.jar;D:/Xilinx/Vivado/2019.2\lib\classes\com.sigasi.hdt.connection_4.5.0.201909241521.jar;D:/Xilinx/Vivado/2019.2\lib\classes\com.sigasi.hdt.epl_4.5.0.201909241521.jar;D:/Xilinx/Vivado/2019.2\lib\classes\com.sigasi.hdt.project_4.5.0.201909241521.jar;D:/Xilinx/Vivado/2019.2\lib\classes\com.sigasi.hdt.readonlyfilesystem_4.5.0.201909241521.jar;D:/Xilinx/Vivado/2019.2\lib\classes\com.sigasi.lcm_4.5.0.201909241521.jar;D:/Xilinx/Vivado/2019.2\lib\classes\com.sigasi.sdk.client_4.5.0.201909241521.jar;D:/Xilinx/Vivado
Launcher Type: generic

Logging:
Log output configuration:
#0: stdout all=warning uptime,level,tags
#1: stderr all=off uptime,level,tags

Environment Variables:
JAVA_HOME=D:\java\Java jdk\jdk-13.0.2
CLASSPATH=D:\LINGO12\Lingo12.jar;D:\LINGO64_18\Lingo18.jar;D:\Lucene\lucene-7.7.2\analysis\common\lucene-analyzers-common-7.7.2.jar;D:\Lucene\lucene-7.7.2\demo\lucene-demo-7.7.2.jar;D:\Lucene\lucene-7.7.2\core\lucene-core-7.7.2.jar;D:\Lucene\lucene-7.7.2\queryparser\lucene-queryparser-7.7.2.jar;
PATH=D:/Xilinx/Vivado/2019.2\gnuwin\bin;D:/Xilinx/Vivado/2019.2\gnu\microblaze\nt\bin;D:/Xilinx/Vivado/2019.2/bin;D:/Xilinx/Vivado/2019.2/lib/win64.o;D:/Xilinx/Vivado/2019.2/tps/win64/jre9.0.4/bin/server;D:/Xilinx/Vivado/2019.2/tps/win64/jre9.0.4/bin;D:/Xilinx/Vivado/2019.2/ids_lite/ISE/bin/nt64;D:/Xilinx/Vivado/2019.2/ids_lite/ISE/lib/nt64;D:\anaconda\condabin;D:\java\Java jdk\jdk-13.0.2\bin;C:\Windows\system32;C:\Windows;C:\Windows\System32\Wbem;C:\Windows\System32\WindowsPowerShell\v1.0\;C:\Windows\System32\OpenSSH\;C:\Program Files (x86)\NVIDIA Corporation\PhysX\Common;C:\Program Files\NVIDIA Corporation\NVIDIA NvDLISR;C:\Program Files\Intel\WiFi\bin\;C:\Program Files\Common Files\Intel\WirelessCommon\;D:\MinGW\mingw64\bin;D:\LINGO12\;D:\LINGO64_18\;C:\Program Files\dotnet\;C:\Program Files\Microsoft SQL Server\130\Tools\Binn\;D:\MATLAB\bin;D:\Cygwin\bin;D:\java\Java jdk\jdk-13.0.2\jre\bin\server;D:\npm\;C:\Program Files\Microsoft\Web Platform Installer\;C:\Program Files (x86)\Microsoft ASP.NET\ASP.NET Web Pages\v1.0\;C:\Program Files (x86)\Windows Kits\8.0\Windows Performance Toolkit\;C:\Program Files\Microsoft SQL Server\110\Tools\Binn\;D:\PuTTY\;C:\Users\Adler\AppData\Local\Microsoft\WindowsApps;D:\bandzip\;D:\Latex\texlive\2019\bin\win32;C:\Users\Adler\AppData\Local\GitHubDesktop\bin;D:\anaconda;D:\anaconda\Scripts;D:\anaconda\Library\bin;D:\modeltech64_10.4\win64;C:\Users\Adler\AppData\Roaming\npm;D:\bandizip\;D:/Xilinx/Vivado/2019.2\tps\mingw\6.2.0\win64.o\nt\bin;D:/Xilinx/Vivado/2019.2\tps\mingw\6.2.0\win64.o\nt\libexec\gcc\x86_64-w64-mingw32\6.2.0;D:/Xilinx/Vivado/2019.2\tps\win64\python-2.7.5;D:/Xilinx/Vivado/2019.2\tps\win64\python-2.7.5\bin;D:/Xilinx/Vivado/2019.2\tps\win64\python-2.7.5\lib;D:/Xilinx/Vivado/2019.2\tps\win64\python-2.7.5\Lib\lib-tk;D:/Xilinx/Vivado/2019.2\tps\win64\python-2.7.5\lib\site-packages
USERNAME=Adler
OS=Windows_NT
PROCESSOR_IDENTIFIER=Intel64 Family 6 Model 142 Stepping 11, GenuineIntel



---------------  S Y S T E M  ---------------

OS: Windows 10 , 64 bit Build 18362 (10.0.18362.1110)

CPU:total 8 (initial active 8) (4 cores per cpu, 2 threads per core) family 6 model 142 stepping 11, cmov, cx8, fxsr, mmx, sse, sse2, sse3, ssse3, sse4.1, sse4.2, popcnt, avx, avx2, aes, clmul, erms, 3dnowpref, lzcnt, ht, tsc, tscinvbit, bmi1, bmi2, adx, fma

Memory: 4k page, physical 8230644k(1541820k free), swap 29202164k(11624820k free)

vm_info: Java HotSpot(TM) 64-Bit Server VM (9.0.4+11) for windows-amd64 JRE (9.0.4+11), built on Dec 20 2017 02:18:54 by "mach5one" with MS VC++ 12.0 (VS2013)

END.
